2021-04-15 18:07:05.478 [restartedMain] INFO  top.anly.ShiroDemoApplication -Starting ShiroDemoApplication on DESKTOP-ANC07SR with PID 1928 (F:\my\shiro-demo\target\classes started by 24501 in F:\my\shiro-demo)
2021-04-15 18:07:05.493 [restartedMain] INFO  top.anly.ShiroDemoApplication -No active profile set, falling back to default profiles: default
2021-04-15 18:07:05.688 [restartedMain] INFO  o.s.b.d.e.DevToolsPropertyDefaultsPostProcessor -Devtools property defaults active! Set 'spring.devtools.add-properties' to 'false' to disable
2021-04-15 18:07:05.689 [restartedMain] INFO  o.s.b.d.e.DevToolsPropertyDefaultsPostProcessor -For additional web related logging consider setting the 'logging.level.web' property to 'DEBUG'
2021-04-15 18:07:09.617 [restartedMain] INFO  o.s.b.w.e.tomcat.TomcatWebServer -Tomcat initialized with port(s): 8106 (http)
2021-04-15 18:07:09.660 [restartedMain] INFO  o.a.catalina.core.StandardService -Starting service [Tomcat]
2021-04-15 18:07:09.661 [restartedMain] INFO  o.a.catalina.core.StandardEngine -Starting Servlet engine: [Apache Tomcat/9.0.16]
2021-04-15 18:07:09.679 [restartedMain] INFO  o.a.c.core.AprLifecycleListener -The APR based Apache Tomcat Native library which allows optimal performance in production environments was not found on the java.library.path: [G:\jdk1.8.0_192\bin;C:\Windows\Sun\Java\bin;C:\Windows\system32;C:\Windows;G:\python;C:\Windows\system32;C:\Windows;C:\Windows\System32\Wbem;C:\Windows\System32\WindowsPowerShell\v1.0\;C:\Windows\System32\OpenSSH\;G:\jdk1.8.0_192\bin;G:\jdk1.8.0_192\jre\bin;G:\Git\cmd;G:\Git\bin;G:\Git\mingw64\libexec\git-core;G:\nodejs\;C:\Program Files\nodejs\node_global;G:\maven\apache-maven-3.6.3\bin;G:\gradle-6.5.1\bin;G:\redis\;G:\aithinker\directory\AiThinkerIDE_V1.5.2\msys32\mingw32\bin;G:\aithinker\directory\AiThinkerIDE_V1.5.2\msys32\opt\esp32\xtensa-esp32-elf-5.0\bin;G:\aithinker\directory\AiThinkerIDE_V1.5.2\msys32\opt\esp8266\v5.2.0_for_3.0\bin;G:\aithinker\directory\AiThinkerIDE_V1.5.2\msys32\usr\bin;;C:\Program Files (x86)\NVIDIA Corporation\PhysX\Common;C:\Users\24501\AppData\Local\Microsoft\WindowsApps;;G:\Microsoft VS Code\bin;C:\Users\24501\AppData\Roaming\npm;G:\fiddler;.]
2021-04-15 18:07:09.961 [restartedMain] INFO  o.a.c.c.C.[Tomcat].[localhost].[/] -Initializing Spring embedded WebApplicationContext
2021-04-15 18:07:09.961 [restartedMain] INFO  o.s.web.context.ContextLoader -Root WebApplicationContext: initialization completed in 4272 ms
2021-04-15 18:07:10.751 [restartedMain] INFO  c.alibaba.druid.pool.DruidDataSource -{dataSource-1} inited
2021-04-15 18:07:13.802 [restartedMain] INFO  o.a.catalina.core.StandardService -Stopping service [Tomcat]
2021-04-15 18:07:13.831 [restartedMain] INFO  o.s.b.a.l.ConditionEvaluationReportLoggingListener -

Error starting ApplicationContext. To display the conditions report re-run your application with 'debug' enabled.
2021-04-15 18:07:13.878 [restartedMain] INFO  c.alibaba.druid.pool.DruidDataSource -{dataSource-1} closed
2021-04-15 18:07:48.607 [restartedMain] INFO  top.anly.ShiroDemoApplication -Starting ShiroDemoApplication on DESKTOP-ANC07SR with PID 8896 (F:\my\shiro-demo\target\classes started by 24501 in F:\my\shiro-demo)
2021-04-15 18:07:48.616 [restartedMain] INFO  top.anly.ShiroDemoApplication -No active profile set, falling back to default profiles: default
2021-04-15 18:07:48.785 [restartedMain] INFO  o.s.b.d.e.DevToolsPropertyDefaultsPostProcessor -Devtools property defaults active! Set 'spring.devtools.add-properties' to 'false' to disable
2021-04-15 18:07:48.785 [restartedMain] INFO  o.s.b.d.e.DevToolsPropertyDefaultsPostProcessor -For additional web related logging consider setting the 'logging.level.web' property to 'DEBUG'
2021-04-15 18:07:52.350 [restartedMain] INFO  o.s.b.w.e.tomcat.TomcatWebServer -Tomcat initialized with port(s): 8888 (http)
2021-04-15 18:07:52.388 [restartedMain] INFO  o.a.catalina.core.StandardService -Starting service [Tomcat]
2021-04-15 18:07:52.388 [restartedMain] INFO  o.a.catalina.core.StandardEngine -Starting Servlet engine: [Apache Tomcat/9.0.16]
2021-04-15 18:07:52.406 [restartedMain] INFO  o.a.c.core.AprLifecycleListener -The APR based Apache Tomcat Native library which allows optimal performance in production environments was not found on the java.library.path: [G:\jdk1.8.0_192\bin;C:\Windows\Sun\Java\bin;C:\Windows\system32;C:\Windows;G:\python;C:\Windows\system32;C:\Windows;C:\Windows\System32\Wbem;C:\Windows\System32\WindowsPowerShell\v1.0\;C:\Windows\System32\OpenSSH\;G:\jdk1.8.0_192\bin;G:\jdk1.8.0_192\jre\bin;G:\Git\cmd;G:\Git\bin;G:\Git\mingw64\libexec\git-core;G:\nodejs\;C:\Program Files\nodejs\node_global;G:\maven\apache-maven-3.6.3\bin;G:\gradle-6.5.1\bin;G:\redis\;G:\aithinker\directory\AiThinkerIDE_V1.5.2\msys32\mingw32\bin;G:\aithinker\directory\AiThinkerIDE_V1.5.2\msys32\opt\esp32\xtensa-esp32-elf-5.0\bin;G:\aithinker\directory\AiThinkerIDE_V1.5.2\msys32\opt\esp8266\v5.2.0_for_3.0\bin;G:\aithinker\directory\AiThinkerIDE_V1.5.2\msys32\usr\bin;;C:\Program Files (x86)\NVIDIA Corporation\PhysX\Common;C:\Users\24501\AppData\Local\Microsoft\WindowsApps;;G:\Microsoft VS Code\bin;C:\Users\24501\AppData\Roaming\npm;G:\fiddler;.]
2021-04-15 18:07:52.665 [restartedMain] INFO  o.a.c.c.C.[Tomcat].[localhost].[/] -Initializing Spring embedded WebApplicationContext
2021-04-15 18:07:52.666 [restartedMain] INFO  o.s.web.context.ContextLoader -Root WebApplicationContext: initialization completed in 3881 ms
2021-04-15 18:07:53.399 [restartedMain] INFO  c.alibaba.druid.pool.DruidDataSource -{dataSource-1} inited
2021-04-15 18:07:55.480 [restartedMain] INFO  o.s.b.w.e.tomcat.TomcatWebServer -Tomcat started on port(s): 8888 (http) with context path ''
2021-04-15 18:07:55.487 [restartedMain] INFO  top.anly.ShiroDemoApplication -Started ShiroDemoApplication in 7.975 seconds (JVM running for 9.81)
2021-04-15 18:09:24.536 [main] INFO  o.s.b.t.c.SpringBootTestContextBootstrapper -Neither @ContextConfiguration nor @ContextHierarchy found for test class [AnlyTestApplication], using SpringBootContextLoader
2021-04-15 18:09:24.555 [main] INFO  o.s.t.c.s.AbstractContextLoader -Could not detect default resource locations for test class [AnlyTestApplication]: no resource found for suffixes {-context.xml, Context.groovy}.
2021-04-15 18:09:25.049 [main] INFO  o.s.b.t.c.SpringBootTestContextBootstrapper -Loaded default TestExecutionListener class names from location [META-INF/spring.factories]: [org.springframework.boot.test.mock.mockito.MockitoTestExecutionListener, org.springframework.boot.test.mock.mockito.ResetMocksTestExecutionListener, org.springframework.boot.test.autoconfigure.restdocs.RestDocsTestExecutionListener, org.springframework.boot.test.autoconfigure.web.client.MockRestServiceServerResetTestExecutionListener, org.springframework.boot.test.autoconfigure.web.servlet.MockMvcPrintOnlyOnFailureTestExecutionListener, org.springframework.boot.test.autoconfigure.web.servlet.WebDriverTestExecutionListener, org.springframework.test.context.web.ServletTestExecutionListener, org.springframework.test.context.support.DirtiesContextBeforeModesTestExecutionListener, org.springframework.test.context.support.DependencyInjectionTestExecutionListener, org.springframework.test.context.support.DirtiesContextTestExecutionListener, org.springframework.test.context.transaction.TransactionalTestExecutionListener, org.springframework.test.context.jdbc.SqlScriptsTestExecutionListener]
2021-04-15 18:09:25.111 [main] INFO  o.s.b.t.c.SpringBootTestContextBootstrapper -Using TestExecutionListeners: [org.springframework.test.context.web.ServletTestExecutionListener@16414e40, org.springframework.test.context.support.DirtiesContextBeforeModesTestExecutionListener@74bada02, org.springframework.boot.test.mock.mockito.MockitoTestExecutionListener@525575, org.springframework.boot.test.autoconfigure.SpringBootDependencyInjectionTestExecutionListener@46dffdc3, org.springframework.test.context.support.DirtiesContextTestExecutionListener@5a709816, org.springframework.test.context.transaction.TransactionalTestExecutionListener@78383390, org.springframework.test.context.jdbc.SqlScriptsTestExecutionListener@6ad3381f, org.springframework.boot.test.mock.mockito.ResetMocksTestExecutionListener@53dbe163, org.springframework.boot.test.autoconfigure.restdocs.RestDocsTestExecutionListener@db57326, org.springframework.boot.test.autoconfigure.web.client.MockRestServiceServerResetTestExecutionListener@34a875b3, org.springframework.boot.test.autoconfigure.web.servlet.MockMvcPrintOnlyOnFailureTestExecutionListener@4748a0f9, org.springframework.boot.test.autoconfigure.web.servlet.WebDriverTestExecutionListener@4b14918a]
2021-04-15 18:09:26.361 [main] INFO  AnlyTestApplication -Starting AnlyTestApplication on DESKTOP-ANC07SR with PID 10972 (started by 24501 in F:\my\shiro-demo)
2021-04-15 18:09:26.361 [main] INFO  AnlyTestApplication -No active profile set, falling back to default profiles: default
2021-04-15 18:09:30.142 [main] INFO  c.alibaba.druid.pool.DruidDataSource -{dataSource-1} inited
2021-04-15 18:09:36.417 [main] INFO  AnlyTestApplication -Started AnlyTestApplication in 11.121 seconds (JVM running for 13.405)
2021-04-15 18:09:37.720 [Thread-4] INFO  c.alibaba.druid.pool.DruidDataSource -{dataSource-1} closed
2021-04-15 18:10:05.741 [Thread-24] INFO  c.alibaba.druid.pool.DruidDataSource -{dataSource-1} closed
2021-04-15 18:10:34.055 [restartedMain] INFO  top.anly.ShiroDemoApplication -Starting ShiroDemoApplication on DESKTOP-ANC07SR with PID 14492 (F:\my\shiro-demo\target\classes started by 24501 in F:\my\shiro-demo)
2021-04-15 18:10:34.064 [restartedMain] INFO  top.anly.ShiroDemoApplication -No active profile set, falling back to default profiles: default
2021-04-15 18:10:34.234 [restartedMain] INFO  o.s.b.d.e.DevToolsPropertyDefaultsPostProcessor -Devtools property defaults active! Set 'spring.devtools.add-properties' to 'false' to disable
2021-04-15 18:10:34.234 [restartedMain] INFO  o.s.b.d.e.DevToolsPropertyDefaultsPostProcessor -For additional web related logging consider setting the 'logging.level.web' property to 'DEBUG'
2021-04-15 18:10:37.623 [restartedMain] INFO  o.s.b.w.e.tomcat.TomcatWebServer -Tomcat initialized with port(s): 8888 (http)
2021-04-15 18:10:37.658 [restartedMain] INFO  o.a.catalina.core.StandardService -Starting service [Tomcat]
2021-04-15 18:10:37.658 [restartedMain] INFO  o.a.catalina.core.StandardEngine -Starting Servlet engine: [Apache Tomcat/9.0.16]
2021-04-15 18:10:37.676 [restartedMain] INFO  o.a.c.core.AprLifecycleListener -The APR based Apache Tomcat Native library which allows optimal performance in production environments was not found on the java.library.path: [G:\jdk1.8.0_192\bin;C:\Windows\Sun\Java\bin;C:\Windows\system32;C:\Windows;G:\python;C:\Windows\system32;C:\Windows;C:\Windows\System32\Wbem;C:\Windows\System32\WindowsPowerShell\v1.0\;C:\Windows\System32\OpenSSH\;G:\jdk1.8.0_192\bin;G:\jdk1.8.0_192\jre\bin;G:\Git\cmd;G:\Git\bin;G:\Git\mingw64\libexec\git-core;G:\nodejs\;C:\Program Files\nodejs\node_global;G:\maven\apache-maven-3.6.3\bin;G:\gradle-6.5.1\bin;G:\redis\;G:\aithinker\directory\AiThinkerIDE_V1.5.2\msys32\mingw32\bin;G:\aithinker\directory\AiThinkerIDE_V1.5.2\msys32\opt\esp32\xtensa-esp32-elf-5.0\bin;G:\aithinker\directory\AiThinkerIDE_V1.5.2\msys32\opt\esp8266\v5.2.0_for_3.0\bin;G:\aithinker\directory\AiThinkerIDE_V1.5.2\msys32\usr\bin;;C:\Program Files (x86)\NVIDIA Corporation\PhysX\Common;C:\Users\24501\AppData\Local\Microsoft\WindowsApps;;G:\Microsoft VS Code\bin;C:\Users\24501\AppData\Roaming\npm;G:\fiddler;.]
2021-04-15 18:10:37.916 [restartedMain] INFO  o.a.c.c.C.[Tomcat].[localhost].[/] -Initializing Spring embedded WebApplicationContext
2021-04-15 18:10:37.916 [restartedMain] INFO  o.s.web.context.ContextLoader -Root WebApplicationContext: initialization completed in 3682 ms
2021-04-15 18:10:38.622 [restartedMain] INFO  c.alibaba.druid.pool.DruidDataSource -{dataSource-1} inited
2021-04-15 18:11:03.052 [restartedMain] INFO  top.anly.ShiroDemoApplication -Starting ShiroDemoApplication on DESKTOP-ANC07SR with PID 1356 (F:\my\shiro-demo\target\classes started by 24501 in F:\my\shiro-demo)
2021-04-15 18:11:03.063 [restartedMain] INFO  top.anly.ShiroDemoApplication -No active profile set, falling back to default profiles: default
2021-04-15 18:11:03.247 [restartedMain] INFO  o.s.b.d.e.DevToolsPropertyDefaultsPostProcessor -Devtools property defaults active! Set 'spring.devtools.add-properties' to 'false' to disable
2021-04-15 18:11:03.247 [restartedMain] INFO  o.s.b.d.e.DevToolsPropertyDefaultsPostProcessor -For additional web related logging consider setting the 'logging.level.web' property to 'DEBUG'
2021-04-15 18:11:06.669 [restartedMain] INFO  o.s.b.w.e.tomcat.TomcatWebServer -Tomcat initialized with port(s): 8888 (http)
2021-04-15 18:11:06.710 [restartedMain] INFO  o.a.catalina.core.StandardService -Starting service [Tomcat]
2021-04-15 18:11:06.710 [restartedMain] INFO  o.a.catalina.core.StandardEngine -Starting Servlet engine: [Apache Tomcat/9.0.16]
2021-04-15 18:11:06.727 [restartedMain] INFO  o.a.c.core.AprLifecycleListener -The APR based Apache Tomcat Native library which allows optimal performance in production environments was not found on the java.library.path: [G:\jdk1.8.0_192\bin;C:\Windows\Sun\Java\bin;C:\Windows\system32;C:\Windows;G:\python;C:\Windows\system32;C:\Windows;C:\Windows\System32\Wbem;C:\Windows\System32\WindowsPowerShell\v1.0\;C:\Windows\System32\OpenSSH\;G:\jdk1.8.0_192\bin;G:\jdk1.8.0_192\jre\bin;G:\Git\cmd;G:\Git\bin;G:\Git\mingw64\libexec\git-core;G:\nodejs\;C:\Program Files\nodejs\node_global;G:\maven\apache-maven-3.6.3\bin;G:\gradle-6.5.1\bin;G:\redis\;G:\aithinker\directory\AiThinkerIDE_V1.5.2\msys32\mingw32\bin;G:\aithinker\directory\AiThinkerIDE_V1.5.2\msys32\opt\esp32\xtensa-esp32-elf-5.0\bin;G:\aithinker\directory\AiThinkerIDE_V1.5.2\msys32\opt\esp8266\v5.2.0_for_3.0\bin;G:\aithinker\directory\AiThinkerIDE_V1.5.2\msys32\usr\bin;;C:\Program Files (x86)\NVIDIA Corporation\PhysX\Common;C:\Users\24501\AppData\Local\Microsoft\WindowsApps;;G:\Microsoft VS Code\bin;C:\Users\24501\AppData\Roaming\npm;G:\fiddler;.]
2021-04-15 18:11:06.970 [restartedMain] INFO  o.a.c.c.C.[Tomcat].[localhost].[/] -Initializing Spring embedded WebApplicationContext
2021-04-15 18:11:06.970 [restartedMain] INFO  o.s.web.context.ContextLoader -Root WebApplicationContext: initialization completed in 3723 ms
2021-04-15 18:11:07.675 [restartedMain] INFO  c.alibaba.druid.pool.DruidDataSource -{dataSource-1} inited
2021-04-15 18:11:09.621 [restartedMain] INFO  o.s.b.w.e.tomcat.TomcatWebServer -Tomcat started on port(s): 8888 (http) with context path ''
2021-04-15 18:11:09.628 [restartedMain] INFO  top.anly.ShiroDemoApplication -Started ShiroDemoApplication in 7.724 seconds (JVM running for 9.571)
2021-04-15 18:16:13.775 [main] INFO  o.s.b.t.c.SpringBootTestContextBootstrapper -Neither @ContextConfiguration nor @ContextHierarchy found for test class [AnlyTestApplication], using SpringBootContextLoader
2021-04-15 18:16:13.804 [main] INFO  o.s.t.c.s.AbstractContextLoader -Could not detect default resource locations for test class [AnlyTestApplication]: no resource found for suffixes {-context.xml, Context.groovy}.
2021-04-15 18:16:14.341 [main] INFO  o.s.b.t.c.SpringBootTestContextBootstrapper -Loaded default TestExecutionListener class names from location [META-INF/spring.factories]: [org.springframework.boot.test.mock.mockito.MockitoTestExecutionListener, org.springframework.boot.test.mock.mockito.ResetMocksTestExecutionListener, org.springframework.boot.test.autoconfigure.restdocs.RestDocsTestExecutionListener, org.springframework.boot.test.autoconfigure.web.client.MockRestServiceServerResetTestExecutionListener, org.springframework.boot.test.autoconfigure.web.servlet.MockMvcPrintOnlyOnFailureTestExecutionListener, org.springframework.boot.test.autoconfigure.web.servlet.WebDriverTestExecutionListener, org.springframework.test.context.web.ServletTestExecutionListener, org.springframework.test.context.support.DirtiesContextBeforeModesTestExecutionListener, org.springframework.test.context.support.DependencyInjectionTestExecutionListener, org.springframework.test.context.support.DirtiesContextTestExecutionListener, org.springframework.test.context.transaction.TransactionalTestExecutionListener, org.springframework.test.context.jdbc.SqlScriptsTestExecutionListener]
2021-04-15 18:16:14.394 [main] INFO  o.s.b.t.c.SpringBootTestContextBootstrapper -Using TestExecutionListeners: [org.springframework.test.context.web.ServletTestExecutionListener@16414e40, org.springframework.test.context.support.DirtiesContextBeforeModesTestExecutionListener@74bada02, org.springframework.boot.test.mock.mockito.MockitoTestExecutionListener@525575, org.springframework.boot.test.autoconfigure.SpringBootDependencyInjectionTestExecutionListener@46dffdc3, org.springframework.test.context.support.DirtiesContextTestExecutionListener@5a709816, org.springframework.test.context.transaction.TransactionalTestExecutionListener@78383390, org.springframework.test.context.jdbc.SqlScriptsTestExecutionListener@6ad3381f, org.springframework.boot.test.mock.mockito.ResetMocksTestExecutionListener@53dbe163, org.springframework.boot.test.autoconfigure.restdocs.RestDocsTestExecutionListener@db57326, org.springframework.boot.test.autoconfigure.web.client.MockRestServiceServerResetTestExecutionListener@34a875b3, org.springframework.boot.test.autoconfigure.web.servlet.MockMvcPrintOnlyOnFailureTestExecutionListener@4748a0f9, org.springframework.boot.test.autoconfigure.web.servlet.WebDriverTestExecutionListener@4b14918a]
2021-04-15 18:16:15.632 [main] INFO  AnlyTestApplication -Starting AnlyTestApplication on DESKTOP-ANC07SR with PID 16200 (started by 24501 in F:\my\shiro-demo)
2021-04-15 18:16:15.633 [main] INFO  AnlyTestApplication -No active profile set, falling back to default profiles: default
2021-04-15 18:16:19.564 [main] INFO  c.alibaba.druid.pool.DruidDataSource -{dataSource-1} inited
2021-04-15 18:16:25.940 [main] INFO  AnlyTestApplication -Started AnlyTestApplication in 11.365 seconds (JVM running for 13.673)
2021-04-15 18:16:26.670 [main] INFO  AnlyTestApplication -代码生成成功!
2021-04-15 18:16:26.695 [Thread-4] INFO  c.alibaba.druid.pool.DruidDataSource -{dataSource-1} closed
2021-04-15 18:16:51.086 [Thread-3] INFO  c.alibaba.druid.pool.DruidDataSource -{dataSource-1} closed
2021-04-15 18:16:51.853 [main] INFO  o.s.b.t.c.SpringBootTestContextBootstrapper -Neither @ContextConfiguration nor @ContextHierarchy found for test class [AnlyTestApplication], using SpringBootContextLoader
2021-04-15 18:16:51.879 [main] INFO  o.s.t.c.s.AbstractContextLoader -Could not detect default resource locations for test class [AnlyTestApplication]: no resource found for suffixes {-context.xml, Context.groovy}.
2021-04-15 18:16:52.043 [restartedMain] INFO  top.anly.ShiroDemoApplication -Starting ShiroDemoApplication on DESKTOP-ANC07SR with PID 1356 (F:\my\shiro-demo\target\classes started by 24501 in F:\my\shiro-demo)
2021-04-15 18:16:52.044 [restartedMain] INFO  top.anly.ShiroDemoApplication -No active profile set, falling back to default profiles: default
2021-04-15 18:16:52.491 [main] INFO  o.s.b.t.c.SpringBootTestContextBootstrapper -Loaded default TestExecutionListener class names from location [META-INF/spring.factories]: [org.springframework.boot.test.mock.mockito.MockitoTestExecutionListener, org.springframework.boot.test.mock.mockito.ResetMocksTestExecutionListener, org.springframework.boot.test.autoconfigure.restdocs.RestDocsTestExecutionListener, org.springframework.boot.test.autoconfigure.web.client.MockRestServiceServerResetTestExecutionListener, org.springframework.boot.test.autoconfigure.web.servlet.MockMvcPrintOnlyOnFailureTestExecutionListener, org.springframework.boot.test.autoconfigure.web.servlet.WebDriverTestExecutionListener, org.springframework.test.context.web.ServletTestExecutionListener, org.springframework.test.context.support.DirtiesContextBeforeModesTestExecutionListener, org.springframework.test.context.support.DependencyInjectionTestExecutionListener, org.springframework.test.context.support.DirtiesContextTestExecutionListener, org.springframework.test.context.transaction.TransactionalTestExecutionListener, org.springframework.test.context.jdbc.SqlScriptsTestExecutionListener]
2021-04-15 18:16:52.544 [main] INFO  o.s.b.t.c.SpringBootTestContextBootstrapper -Using TestExecutionListeners: [org.springframework.test.context.web.ServletTestExecutionListener@74bada02, org.springframework.test.context.support.DirtiesContextBeforeModesTestExecutionListener@525575, org.springframework.boot.test.mock.mockito.MockitoTestExecutionListener@46dffdc3, org.springframework.boot.test.autoconfigure.SpringBootDependencyInjectionTestExecutionListener@5a709816, org.springframework.test.context.support.DirtiesContextTestExecutionListener@78383390, org.springframework.test.context.transaction.TransactionalTestExecutionListener@6ad3381f, org.springframework.test.context.jdbc.SqlScriptsTestExecutionListener@53dbe163, org.springframework.boot.test.mock.mockito.ResetMocksTestExecutionListener@db57326, org.springframework.boot.test.autoconfigure.restdocs.RestDocsTestExecutionListener@34a875b3, org.springframework.boot.test.autoconfigure.web.client.MockRestServiceServerResetTestExecutionListener@4748a0f9, org.springframework.boot.test.autoconfigure.web.servlet.MockMvcPrintOnlyOnFailureTestExecutionListener@4b14918a, org.springframework.boot.test.autoconfigure.web.servlet.WebDriverTestExecutionListener@6d1ef78d]
2021-04-15 18:16:53.463 [restartedMain] INFO  o.s.b.w.e.tomcat.TomcatWebServer -Tomcat initialized with port(s): 8888 (http)
2021-04-15 18:16:53.464 [restartedMain] INFO  o.a.catalina.core.StandardService -Starting service [Tomcat]
2021-04-15 18:16:53.464 [restartedMain] INFO  o.a.catalina.core.StandardEngine -Starting Servlet engine: [Apache Tomcat/9.0.16]
2021-04-15 18:16:53.498 [restartedMain] INFO  o.a.c.c.C.[Tomcat].[localhost].[/] -Initializing Spring embedded WebApplicationContext
2021-04-15 18:16:53.498 [restartedMain] INFO  o.s.web.context.ContextLoader -Root WebApplicationContext: initialization completed in 1404 ms
2021-04-15 18:16:53.665 [restartedMain] INFO  c.alibaba.druid.pool.DruidDataSource -{dataSource-2} inited
2021-04-15 18:16:53.799 [main] INFO  AnlyTestApplication -Starting AnlyTestApplication on DESKTOP-ANC07SR with PID 13392 (started by 24501 in F:\my\shiro-demo)
2021-04-15 18:16:53.800 [main] INFO  AnlyTestApplication -No active profile set, falling back to default profiles: default
2021-04-15 18:16:54.669 [restartedMain] INFO  o.s.b.w.e.tomcat.TomcatWebServer -Tomcat started on port(s): 8888 (http) with context path ''
2021-04-15 18:16:54.670 [restartedMain] INFO  top.anly.ShiroDemoApplication -Started ShiroDemoApplication in 2.898 seconds (JVM running for 354.612)
2021-04-15 18:16:54.673 [restartedMain] INFO  o.s.b.d.a.ConditionEvaluationDeltaLoggingListener -Condition evaluation unchanged
2021-04-15 18:16:57.728 [main] INFO  c.alibaba.druid.pool.DruidDataSource -{dataSource-1} inited
2021-04-15 18:17:04.257 [main] INFO  AnlyTestApplication -Started AnlyTestApplication in 11.534 seconds (JVM running for 14.037)
2021-04-15 18:17:05.286 [Thread-4] INFO  c.alibaba.druid.pool.DruidDataSource -{dataSource-1} closed
2021-04-15 18:19:27.426 [Thread-34] INFO  c.alibaba.druid.pool.DruidDataSource -{dataSource-2} closed
