2021-04-23 09:51:40.069 [restartedMain] INFO  top.anly.ShiroDemoApplication -Starting ShiroDemoApplication on DESKTOP-ANC07SR with PID 12720 (F:\my\shiro-demo\target\classes started by 24501 in F:\my\shiro-demo)
2021-04-23 09:51:40.087 [restartedMain] INFO  top.anly.ShiroDemoApplication -No active profile set, falling back to default profiles: default
2021-04-23 09:51:40.286 [restartedMain] INFO  o.s.b.d.e.DevToolsPropertyDefaultsPostProcessor -Devtools property defaults active! Set 'spring.devtools.add-properties' to 'false' to disable
2021-04-23 09:51:40.286 [restartedMain] INFO  o.s.b.d.e.DevToolsPropertyDefaultsPostProcessor -For additional web related logging consider setting the 'logging.level.web' property to 'DEBUG'
2021-04-23 09:51:44.191 [restartedMain] INFO  o.s.c.s.PostProcessorRegistrationDelegate$BeanPostProcessorChecker -Bean 'org.springframework.transaction.annotation.ProxyTransactionManagementConfiguration' of type [org.springframework.transaction.annotation.ProxyTransactionManagementConfiguration$$EnhancerBySpringCGLIB$$8c04f10c] is not eligible for getting processed by all BeanPostProcessors (for example: not eligible for auto-proxying)
2021-04-23 09:51:45.056 [restartedMain] INFO  o.s.b.w.e.tomcat.TomcatWebServer -Tomcat initialized with port(s): 8888 (http)
2021-04-23 09:51:45.100 [restartedMain] INFO  o.a.catalina.core.StandardService -Starting service [Tomcat]
2021-04-23 09:51:45.101 [restartedMain] INFO  o.a.catalina.core.StandardEngine -Starting Servlet engine: [Apache Tomcat/9.0.16]
2021-04-23 09:51:45.120 [restartedMain] INFO  o.a.c.core.AprLifecycleListener -The APR based Apache Tomcat Native library which allows optimal performance in production environments was not found on the java.library.path: [G:\jdk1.8.0_192\bin;C:\WINDOWS\Sun\Java\bin;C:\WINDOWS\system32;C:\WINDOWS;G:\python;C:\Windows\system32;C:\Windows;C:\Windows\System32\Wbem;C:\Windows\System32\WindowsPowerShell\v1.0\;C:\Windows\System32\OpenSSH\;G:\jdk1.8.0_192\bin;G:\jdk1.8.0_192\jre\bin;G:\Git\cmd;G:\Git\bin;G:\Git\mingw64\libexec\git-core;G:\nodejs\;C:\Program Files\nodejs\node_global;G:\maven\apache-maven-3.6.3\bin;G:\gradle-6.5.1\bin;G:\redis\;G:\aithinker\directory\AiThinkerIDE_V1.5.2\msys32\mingw32\bin;G:\aithinker\directory\AiThinkerIDE_V1.5.2\msys32\opt\esp32\xtensa-esp32-elf-5.0\bin;G:\aithinker\directory\AiThinkerIDE_V1.5.2\msys32\opt\esp8266\v5.2.0_for_3.0\bin;G:\aithinker\directory\AiThinkerIDE_V1.5.2\msys32\usr\bin;;C:\Program Files (x86)\NVIDIA Corporation\PhysX\Common;%SystemRoot%\system32;%SystemRoot%;%SystemRoot%\System32\Wbem;%SYSTEMROOT%\System32\WindowsPowerShell\v1.0\;%SYSTEMROOT%\System32\OpenSSH\;C:\Users\24501\AppData\Local\Microsoft\WindowsApps;;G:\Microsoft VS Code\bin;C:\Users\24501\AppData\Roaming\npm;G:\fiddler;%USERPROFILE%\AppData\Local\Microsoft\WindowsApps;.]
2021-04-23 09:51:45.371 [restartedMain] INFO  o.a.c.c.C.[Tomcat].[localhost].[/] -Initializing Spring embedded WebApplicationContext
2021-04-23 09:51:45.371 [restartedMain] INFO  o.s.web.context.ContextLoader -Root WebApplicationContext: initialization completed in 5085 ms
2021-04-23 09:51:46.220 [restartedMain] INFO  c.alibaba.druid.pool.DruidDataSource -{dataSource-1} inited
2021-04-23 09:51:49.272 [restartedMain] INFO  s.d.s.w.PropertySourcedRequestMappingHandlerMapping -Mapped URL path [/v2/api-docs] onto method [public org.springframework.http.ResponseEntity<springfox.documentation.spring.web.json.Json> springfox.documentation.swagger2.web.Swagger2Controller.getDocumentation(java.lang.String,javax.servlet.http.HttpServletRequest)]
2021-04-23 09:51:49.820 [restartedMain] INFO  s.d.s.w.p.DocumentationPluginsBootstrapper -Context refreshed
2021-04-23 09:51:49.876 [restartedMain] INFO  s.d.s.w.p.DocumentationPluginsBootstrapper -Found 1 custom documentation plugin(s)
2021-04-23 09:51:49.997 [restartedMain] INFO  s.d.s.w.s.ApiListingReferenceScanner -Scanning for api listing references
2021-04-23 09:51:50.387 [restartedMain] INFO  o.s.b.w.e.tomcat.TomcatWebServer -Tomcat started on port(s): 8888 (http) with context path ''
2021-04-23 09:51:50.395 [restartedMain] INFO  top.anly.ShiroDemoApplication -Started ShiroDemoApplication in 11.728 seconds (JVM running for 13.83)
2021-04-23 09:52:24.767 [http-nio-8888-exec-1] INFO  o.a.c.c.C.[Tomcat].[localhost].[/] -Initializing Spring DispatcherServlet 'dispatcherServlet'
2021-04-23 09:52:24.768 [http-nio-8888-exec-1] INFO  o.s.web.servlet.DispatcherServlet -Initializing Servlet 'dispatcherServlet'
2021-04-23 09:52:24.786 [http-nio-8888-exec-1] INFO  o.s.web.servlet.DispatcherServlet -Completed initialization in 18 ms
2021-04-23 09:53:30.717 [Thread-28] INFO  c.alibaba.druid.pool.DruidDataSource -{dataSource-1} closed
2021-04-23 09:53:38.177 [restartedMain] INFO  top.anly.ShiroDemoApplication -Starting ShiroDemoApplication on DESKTOP-ANC07SR with PID 10016 (F:\my\shiro-demo\target\classes started by 24501 in F:\my\shiro-demo)
2021-04-23 09:53:38.185 [restartedMain] INFO  top.anly.ShiroDemoApplication -No active profile set, falling back to default profiles: default
2021-04-23 09:53:38.375 [restartedMain] INFO  o.s.b.d.e.DevToolsPropertyDefaultsPostProcessor -Devtools property defaults active! Set 'spring.devtools.add-properties' to 'false' to disable
2021-04-23 09:53:38.375 [restartedMain] INFO  o.s.b.d.e.DevToolsPropertyDefaultsPostProcessor -For additional web related logging consider setting the 'logging.level.web' property to 'DEBUG'
2021-04-23 09:53:42.013 [restartedMain] INFO  o.s.c.s.PostProcessorRegistrationDelegate$BeanPostProcessorChecker -Bean 'org.springframework.transaction.annotation.ProxyTransactionManagementConfiguration' of type [org.springframework.transaction.annotation.ProxyTransactionManagementConfiguration$$EnhancerBySpringCGLIB$$1f0bb557] is not eligible for getting processed by all BeanPostProcessors (for example: not eligible for auto-proxying)
2021-04-23 09:53:42.866 [restartedMain] INFO  o.s.b.w.e.tomcat.TomcatWebServer -Tomcat initialized with port(s): 8888 (http)
2021-04-23 09:53:42.904 [restartedMain] INFO  o.a.catalina.core.StandardService -Starting service [Tomcat]
2021-04-23 09:53:42.904 [restartedMain] INFO  o.a.catalina.core.StandardEngine -Starting Servlet engine: [Apache Tomcat/9.0.16]
2021-04-23 09:53:42.923 [restartedMain] INFO  o.a.c.core.AprLifecycleListener -The APR based Apache Tomcat Native library which allows optimal performance in production environments was not found on the java.library.path: [G:\jdk1.8.0_192\bin;C:\WINDOWS\Sun\Java\bin;C:\WINDOWS\system32;C:\WINDOWS;G:\python;C:\Windows\system32;C:\Windows;C:\Windows\System32\Wbem;C:\Windows\System32\WindowsPowerShell\v1.0\;C:\Windows\System32\OpenSSH\;G:\jdk1.8.0_192\bin;G:\jdk1.8.0_192\jre\bin;G:\Git\cmd;G:\Git\bin;G:\Git\mingw64\libexec\git-core;G:\nodejs\;C:\Program Files\nodejs\node_global;G:\maven\apache-maven-3.6.3\bin;G:\gradle-6.5.1\bin;G:\redis\;G:\aithinker\directory\AiThinkerIDE_V1.5.2\msys32\mingw32\bin;G:\aithinker\directory\AiThinkerIDE_V1.5.2\msys32\opt\esp32\xtensa-esp32-elf-5.0\bin;G:\aithinker\directory\AiThinkerIDE_V1.5.2\msys32\opt\esp8266\v5.2.0_for_3.0\bin;G:\aithinker\directory\AiThinkerIDE_V1.5.2\msys32\usr\bin;;C:\Program Files (x86)\NVIDIA Corporation\PhysX\Common;%SystemRoot%\system32;%SystemRoot%;%SystemRoot%\System32\Wbem;%SYSTEMROOT%\System32\WindowsPowerShell\v1.0\;%SYSTEMROOT%\System32\OpenSSH\;C:\Users\24501\AppData\Local\Microsoft\WindowsApps;;G:\Microsoft VS Code\bin;C:\Users\24501\AppData\Roaming\npm;G:\fiddler;%USERPROFILE%\AppData\Local\Microsoft\WindowsApps;.]
2021-04-23 09:53:43.187 [restartedMain] INFO  o.a.c.c.C.[Tomcat].[localhost].[/] -Initializing Spring embedded WebApplicationContext
2021-04-23 09:53:43.187 [restartedMain] INFO  o.s.web.context.ContextLoader -Root WebApplicationContext: initialization completed in 4812 ms
2021-04-23 09:53:44.009 [restartedMain] INFO  c.alibaba.druid.pool.DruidDataSource -{dataSource-1} inited
2021-04-23 09:53:47.062 [restartedMain] INFO  s.d.s.w.PropertySourcedRequestMappingHandlerMapping -Mapped URL path [/v2/api-docs] onto method [public org.springframework.http.ResponseEntity<springfox.documentation.spring.web.json.Json> springfox.documentation.swagger2.web.Swagger2Controller.getDocumentation(java.lang.String,javax.servlet.http.HttpServletRequest)]
2021-04-23 09:53:47.584 [restartedMain] INFO  s.d.s.w.p.DocumentationPluginsBootstrapper -Context refreshed
2021-04-23 09:53:47.639 [restartedMain] INFO  s.d.s.w.p.DocumentationPluginsBootstrapper -Found 1 custom documentation plugin(s)
2021-04-23 09:53:47.759 [restartedMain] INFO  s.d.s.w.s.ApiListingReferenceScanner -Scanning for api listing references
2021-04-23 09:53:48.150 [restartedMain] INFO  o.s.b.w.e.tomcat.TomcatWebServer -Tomcat started on port(s): 8888 (http) with context path ''
2021-04-23 09:53:48.158 [restartedMain] INFO  top.anly.ShiroDemoApplication -Started ShiroDemoApplication in 11.188 seconds (JVM running for 13.116)
2021-04-23 09:57:18.454 [Thread-30] INFO  c.alibaba.druid.pool.DruidDataSource -{dataSource-1} closed
2021-04-23 09:58:36.270 [restartedMain] INFO  top.anly.ShiroDemoApplication -Starting ShiroDemoApplication on DESKTOP-ANC07SR with PID 16976 (F:\my\shiro-demo\target\classes started by 24501 in F:\my\shiro-demo)
2021-04-23 09:58:36.279 [restartedMain] INFO  top.anly.ShiroDemoApplication -No active profile set, falling back to default profiles: default
2021-04-23 09:58:36.445 [restartedMain] INFO  o.s.b.d.e.DevToolsPropertyDefaultsPostProcessor -Devtools property defaults active! Set 'spring.devtools.add-properties' to 'false' to disable
2021-04-23 09:58:36.446 [restartedMain] INFO  o.s.b.d.e.DevToolsPropertyDefaultsPostProcessor -For additional web related logging consider setting the 'logging.level.web' property to 'DEBUG'
2021-04-23 09:58:40.149 [restartedMain] INFO  o.s.c.s.PostProcessorRegistrationDelegate$BeanPostProcessorChecker -Bean 'org.springframework.transaction.annotation.ProxyTransactionManagementConfiguration' of type [org.springframework.transaction.annotation.ProxyTransactionManagementConfiguration$$EnhancerBySpringCGLIB$$7953b64d] is not eligible for getting processed by all BeanPostProcessors (for example: not eligible for auto-proxying)
2021-04-23 09:58:40.923 [restartedMain] INFO  o.s.b.w.e.tomcat.TomcatWebServer -Tomcat initialized with port(s): 8888 (http)
2021-04-23 09:58:40.969 [restartedMain] INFO  o.a.catalina.core.StandardService -Starting service [Tomcat]
2021-04-23 09:58:40.969 [restartedMain] INFO  o.a.catalina.core.StandardEngine -Starting Servlet engine: [Apache Tomcat/9.0.16]
2021-04-23 09:58:40.992 [restartedMain] INFO  o.a.c.core.AprLifecycleListener -The APR based Apache Tomcat Native library which allows optimal performance in production environments was not found on the java.library.path: [G:\jdk1.8.0_192\bin;C:\WINDOWS\Sun\Java\bin;C:\WINDOWS\system32;C:\WINDOWS;G:\python;C:\Windows\system32;C:\Windows;C:\Windows\System32\Wbem;C:\Windows\System32\WindowsPowerShell\v1.0\;C:\Windows\System32\OpenSSH\;G:\jdk1.8.0_192\bin;G:\jdk1.8.0_192\jre\bin;G:\Git\cmd;G:\Git\bin;G:\Git\mingw64\libexec\git-core;G:\nodejs\;C:\Program Files\nodejs\node_global;G:\maven\apache-maven-3.6.3\bin;G:\gradle-6.5.1\bin;G:\redis\;G:\aithinker\directory\AiThinkerIDE_V1.5.2\msys32\mingw32\bin;G:\aithinker\directory\AiThinkerIDE_V1.5.2\msys32\opt\esp32\xtensa-esp32-elf-5.0\bin;G:\aithinker\directory\AiThinkerIDE_V1.5.2\msys32\opt\esp8266\v5.2.0_for_3.0\bin;G:\aithinker\directory\AiThinkerIDE_V1.5.2\msys32\usr\bin;;C:\Program Files (x86)\NVIDIA Corporation\PhysX\Common;%SystemRoot%\system32;%SystemRoot%;%SystemRoot%\System32\Wbem;%SYSTEMROOT%\System32\WindowsPowerShell\v1.0\;%SYSTEMROOT%\System32\OpenSSH\;C:\Users\24501\AppData\Local\Microsoft\WindowsApps;;G:\Microsoft VS Code\bin;C:\Users\24501\AppData\Roaming\npm;G:\fiddler;%USERPROFILE%\AppData\Local\Microsoft\WindowsApps;.]
2021-04-23 09:58:41.237 [restartedMain] INFO  o.a.c.c.C.[Tomcat].[localhost].[/] -Initializing Spring embedded WebApplicationContext
2021-04-23 09:58:41.237 [restartedMain] INFO  o.s.web.context.ContextLoader -Root WebApplicationContext: initialization completed in 4791 ms
2021-04-23 09:58:42.023 [restartedMain] INFO  c.alibaba.druid.pool.DruidDataSource -{dataSource-1} inited
2021-04-23 09:58:44.984 [restartedMain] INFO  s.d.s.w.PropertySourcedRequestMappingHandlerMapping -Mapped URL path [/v2/api-docs] onto method [public org.springframework.http.ResponseEntity<springfox.documentation.spring.web.json.Json> springfox.documentation.swagger2.web.Swagger2Controller.getDocumentation(java.lang.String,javax.servlet.http.HttpServletRequest)]
2021-04-23 09:58:45.475 [restartedMain] INFO  s.d.s.w.p.DocumentationPluginsBootstrapper -Context refreshed
2021-04-23 09:58:45.528 [restartedMain] INFO  s.d.s.w.p.DocumentationPluginsBootstrapper -Found 1 custom documentation plugin(s)
2021-04-23 09:58:45.644 [restartedMain] INFO  s.d.s.w.s.ApiListingReferenceScanner -Scanning for api listing references
2021-04-23 09:58:46.050 [restartedMain] INFO  o.s.b.w.e.tomcat.TomcatWebServer -Tomcat started on port(s): 8888 (http) with context path ''
2021-04-23 09:58:46.057 [restartedMain] INFO  top.anly.ShiroDemoApplication -Started ShiroDemoApplication in 10.956 seconds (JVM running for 12.714)
2021-04-23 09:58:47.688 [Thread-29] INFO  c.alibaba.druid.pool.DruidDataSource -{dataSource-1} closed
2021-04-23 09:59:14.274 [restartedMain] INFO  top.anly.ShiroDemoApplication -Starting ShiroDemoApplication on DESKTOP-ANC07SR with PID 8108 (F:\my\shiro-demo\target\classes started by 24501 in F:\my\shiro-demo)
2021-04-23 09:59:14.284 [restartedMain] INFO  top.anly.ShiroDemoApplication -No active profile set, falling back to default profiles: default
2021-04-23 09:59:14.476 [restartedMain] INFO  o.s.b.d.e.DevToolsPropertyDefaultsPostProcessor -Devtools property defaults active! Set 'spring.devtools.add-properties' to 'false' to disable
2021-04-23 09:59:14.476 [restartedMain] INFO  o.s.b.d.e.DevToolsPropertyDefaultsPostProcessor -For additional web related logging consider setting the 'logging.level.web' property to 'DEBUG'
2021-04-23 09:59:17.914 [restartedMain] INFO  o.s.c.s.PostProcessorRegistrationDelegate$BeanPostProcessorChecker -Bean 'org.springframework.transaction.annotation.ProxyTransactionManagementConfiguration' of type [org.springframework.transaction.annotation.ProxyTransactionManagementConfiguration$$EnhancerBySpringCGLIB$$f5999047] is not eligible for getting processed by all BeanPostProcessors (for example: not eligible for auto-proxying)
2021-04-23 09:59:18.797 [restartedMain] INFO  o.s.b.w.e.tomcat.TomcatWebServer -Tomcat initialized with port(s): 8888 (http)
2021-04-23 09:59:18.837 [restartedMain] INFO  o.a.catalina.core.StandardService -Starting service [Tomcat]
2021-04-23 09:59:18.838 [restartedMain] INFO  o.a.catalina.core.StandardEngine -Starting Servlet engine: [Apache Tomcat/9.0.16]
2021-04-23 09:59:18.857 [restartedMain] INFO  o.a.c.core.AprLifecycleListener -The APR based Apache Tomcat Native library which allows optimal performance in production environments was not found on the java.library.path: [G:\jdk1.8.0_192\bin;C:\WINDOWS\Sun\Java\bin;C:\WINDOWS\system32;C:\WINDOWS;G:\python;C:\Windows\system32;C:\Windows;C:\Windows\System32\Wbem;C:\Windows\System32\WindowsPowerShell\v1.0\;C:\Windows\System32\OpenSSH\;G:\jdk1.8.0_192\bin;G:\jdk1.8.0_192\jre\bin;G:\Git\cmd;G:\Git\bin;G:\Git\mingw64\libexec\git-core;G:\nodejs\;C:\Program Files\nodejs\node_global;G:\maven\apache-maven-3.6.3\bin;G:\gradle-6.5.1\bin;G:\redis\;G:\aithinker\directory\AiThinkerIDE_V1.5.2\msys32\mingw32\bin;G:\aithinker\directory\AiThinkerIDE_V1.5.2\msys32\opt\esp32\xtensa-esp32-elf-5.0\bin;G:\aithinker\directory\AiThinkerIDE_V1.5.2\msys32\opt\esp8266\v5.2.0_for_3.0\bin;G:\aithinker\directory\AiThinkerIDE_V1.5.2\msys32\usr\bin;;C:\Program Files (x86)\NVIDIA Corporation\PhysX\Common;%SystemRoot%\system32;%SystemRoot%;%SystemRoot%\System32\Wbem;%SYSTEMROOT%\System32\WindowsPowerShell\v1.0\;%SYSTEMROOT%\System32\OpenSSH\;C:\Users\24501\AppData\Local\Microsoft\WindowsApps;;G:\Microsoft VS Code\bin;C:\Users\24501\AppData\Roaming\npm;G:\fiddler;%USERPROFILE%\AppData\Local\Microsoft\WindowsApps;.]
2021-04-23 09:59:19.111 [restartedMain] INFO  o.a.c.c.C.[Tomcat].[localhost].[/] -Initializing Spring embedded WebApplicationContext
2021-04-23 09:59:19.111 [restartedMain] INFO  o.s.web.context.ContextLoader -Root WebApplicationContext: initialization completed in 4635 ms
2021-04-23 09:59:19.911 [restartedMain] INFO  c.alibaba.druid.pool.DruidDataSource -{dataSource-1} inited
2021-04-23 09:59:22.876 [restartedMain] INFO  s.d.s.w.PropertySourcedRequestMappingHandlerMapping -Mapped URL path [/v2/api-docs] onto method [public org.springframework.http.ResponseEntity<springfox.documentation.spring.web.json.Json> springfox.documentation.swagger2.web.Swagger2Controller.getDocumentation(java.lang.String,javax.servlet.http.HttpServletRequest)]
2021-04-23 09:59:23.376 [restartedMain] INFO  s.d.s.w.p.DocumentationPluginsBootstrapper -Context refreshed
2021-04-23 09:59:23.440 [restartedMain] INFO  s.d.s.w.p.DocumentationPluginsBootstrapper -Found 1 custom documentation plugin(s)
2021-04-23 09:59:23.576 [restartedMain] INFO  s.d.s.w.s.ApiListingReferenceScanner -Scanning for api listing references
2021-04-23 09:59:23.983 [restartedMain] INFO  o.s.b.w.e.tomcat.TomcatWebServer -Tomcat started on port(s): 8888 (http) with context path ''
2021-04-23 09:59:23.992 [restartedMain] INFO  top.anly.ShiroDemoApplication -Started ShiroDemoApplication in 10.86 seconds (JVM running for 12.591)
2021-04-23 09:59:57.798 [Thread-29] INFO  c.alibaba.druid.pool.DruidDataSource -{dataSource-1} closed
2021-04-23 10:00:07.613 [restartedMain] INFO  top.anly.ShiroDemoApplication -Starting ShiroDemoApplication on DESKTOP-ANC07SR with PID 3088 (F:\my\shiro-demo\target\classes started by 24501 in F:\my\shiro-demo)
2021-04-23 10:00:07.624 [restartedMain] INFO  top.anly.ShiroDemoApplication -No active profile set, falling back to default profiles: default
2021-04-23 10:00:07.791 [restartedMain] INFO  o.s.b.d.e.DevToolsPropertyDefaultsPostProcessor -Devtools property defaults active! Set 'spring.devtools.add-properties' to 'false' to disable
2021-04-23 10:00:07.791 [restartedMain] INFO  o.s.b.d.e.DevToolsPropertyDefaultsPostProcessor -For additional web related logging consider setting the 'logging.level.web' property to 'DEBUG'
2021-04-23 10:00:11.551 [restartedMain] INFO  o.s.c.s.PostProcessorRegistrationDelegate$BeanPostProcessorChecker -Bean 'org.springframework.transaction.annotation.ProxyTransactionManagementConfiguration' of type [org.springframework.transaction.annotation.ProxyTransactionManagementConfiguration$$EnhancerBySpringCGLIB$$15258abc] is not eligible for getting processed by all BeanPostProcessors (for example: not eligible for auto-proxying)
2021-04-23 10:00:12.933 [restartedMain] INFO  o.s.b.w.e.tomcat.TomcatWebServer -Tomcat initialized with port(s): 8888 (http)
2021-04-23 10:00:12.974 [restartedMain] INFO  o.a.catalina.core.StandardService -Starting service [Tomcat]
2021-04-23 10:00:12.975 [restartedMain] INFO  o.a.catalina.core.StandardEngine -Starting Servlet engine: [Apache Tomcat/9.0.16]
2021-04-23 10:00:12.994 [restartedMain] INFO  o.a.c.core.AprLifecycleListener -The APR based Apache Tomcat Native library which allows optimal performance in production environments was not found on the java.library.path: [G:\jdk1.8.0_192\bin;C:\WINDOWS\Sun\Java\bin;C:\WINDOWS\system32;C:\WINDOWS;G:\python;C:\Windows\system32;C:\Windows;C:\Windows\System32\Wbem;C:\Windows\System32\WindowsPowerShell\v1.0\;C:\Windows\System32\OpenSSH\;G:\jdk1.8.0_192\bin;G:\jdk1.8.0_192\jre\bin;G:\Git\cmd;G:\Git\bin;G:\Git\mingw64\libexec\git-core;G:\nodejs\;C:\Program Files\nodejs\node_global;G:\maven\apache-maven-3.6.3\bin;G:\gradle-6.5.1\bin;G:\redis\;G:\aithinker\directory\AiThinkerIDE_V1.5.2\msys32\mingw32\bin;G:\aithinker\directory\AiThinkerIDE_V1.5.2\msys32\opt\esp32\xtensa-esp32-elf-5.0\bin;G:\aithinker\directory\AiThinkerIDE_V1.5.2\msys32\opt\esp8266\v5.2.0_for_3.0\bin;G:\aithinker\directory\AiThinkerIDE_V1.5.2\msys32\usr\bin;;C:\Program Files (x86)\NVIDIA Corporation\PhysX\Common;%SystemRoot%\system32;%SystemRoot%;%SystemRoot%\System32\Wbem;%SYSTEMROOT%\System32\WindowsPowerShell\v1.0\;%SYSTEMROOT%\System32\OpenSSH\;C:\Users\24501\AppData\Local\Microsoft\WindowsApps;;G:\Microsoft VS Code\bin;C:\Users\24501\AppData\Roaming\npm;G:\fiddler;%USERPROFILE%\AppData\Local\Microsoft\WindowsApps;.]
2021-04-23 10:00:13.236 [restartedMain] INFO  o.a.c.c.C.[Tomcat].[localhost].[/] -Initializing Spring embedded WebApplicationContext
2021-04-23 10:00:13.237 [restartedMain] INFO  o.s.web.context.ContextLoader -Root WebApplicationContext: initialization completed in 5446 ms
2021-04-23 10:00:14.069 [restartedMain] INFO  c.alibaba.druid.pool.DruidDataSource -{dataSource-1} inited
2021-04-23 10:00:16.711 [restartedMain] INFO  s.d.s.w.PropertySourcedRequestMappingHandlerMapping -Mapped URL path [/v2/api-docs] onto method [public org.springframework.http.ResponseEntity<springfox.documentation.spring.web.json.Json> springfox.documentation.swagger2.web.Swagger2Controller.getDocumentation(java.lang.String,javax.servlet.http.HttpServletRequest)]
2021-04-23 10:00:17.441 [restartedMain] INFO  s.d.s.w.p.DocumentationPluginsBootstrapper -Context refreshed
2021-04-23 10:00:17.503 [restartedMain] INFO  s.d.s.w.p.DocumentationPluginsBootstrapper -Found 1 custom documentation plugin(s)
2021-04-23 10:00:17.637 [restartedMain] INFO  s.d.s.w.s.ApiListingReferenceScanner -Scanning for api listing references
2021-04-23 10:00:18.110 [restartedMain] INFO  o.s.b.w.e.tomcat.TomcatWebServer -Tomcat started on port(s): 8888 (http) with context path ''
2021-04-23 10:00:18.120 [restartedMain] INFO  top.anly.ShiroDemoApplication -Started ShiroDemoApplication in 12.763 seconds (JVM running for 16.668)
2021-04-23 10:42:37.594 [Thread-32] INFO  c.alibaba.druid.pool.DruidDataSource -{dataSource-1} closed
2021-04-23 10:42:43.578 [restartedMain] INFO  top.anly.ShiroDemoApplication -Starting ShiroDemoApplication on DESKTOP-ANC07SR with PID 2500 (F:\my\shiro-demo\target\classes started by 24501 in F:\my\shiro-demo)
2021-04-23 10:42:43.590 [restartedMain] INFO  top.anly.ShiroDemoApplication -No active profile set, falling back to default profiles: default
2021-04-23 10:42:43.750 [restartedMain] INFO  o.s.b.d.e.DevToolsPropertyDefaultsPostProcessor -Devtools property defaults active! Set 'spring.devtools.add-properties' to 'false' to disable
2021-04-23 10:42:43.750 [restartedMain] INFO  o.s.b.d.e.DevToolsPropertyDefaultsPostProcessor -For additional web related logging consider setting the 'logging.level.web' property to 'DEBUG'
2021-04-23 10:42:47.636 [restartedMain] INFO  o.s.c.s.PostProcessorRegistrationDelegate$BeanPostProcessorChecker -Bean 'org.springframework.transaction.annotation.ProxyTransactionManagementConfiguration' of type [org.springframework.transaction.annotation.ProxyTransactionManagementConfiguration$$EnhancerBySpringCGLIB$$9d8fc267] is not eligible for getting processed by all BeanPostProcessors (for example: not eligible for auto-proxying)
2021-04-23 10:42:48.548 [restartedMain] INFO  o.s.b.w.e.tomcat.TomcatWebServer -Tomcat initialized with port(s): 8888 (http)
2021-04-23 10:42:48.590 [restartedMain] INFO  o.a.catalina.core.StandardService -Starting service [Tomcat]
2021-04-23 10:42:48.591 [restartedMain] INFO  o.a.catalina.core.StandardEngine -Starting Servlet engine: [Apache Tomcat/9.0.16]
2021-04-23 10:42:48.611 [restartedMain] INFO  o.a.c.core.AprLifecycleListener -The APR based Apache Tomcat Native library which allows optimal performance in production environments was not found on the java.library.path: [G:\jdk1.8.0_192\bin;C:\WINDOWS\Sun\Java\bin;C:\WINDOWS\system32;C:\WINDOWS;G:\python;C:\Windows\system32;C:\Windows;C:\Windows\System32\Wbem;C:\Windows\System32\WindowsPowerShell\v1.0\;C:\Windows\System32\OpenSSH\;G:\jdk1.8.0_192\bin;G:\jdk1.8.0_192\jre\bin;G:\Git\cmd;G:\Git\bin;G:\Git\mingw64\libexec\git-core;G:\nodejs\;C:\Program Files\nodejs\node_global;G:\maven\apache-maven-3.6.3\bin;G:\gradle-6.5.1\bin;G:\redis\;G:\aithinker\directory\AiThinkerIDE_V1.5.2\msys32\mingw32\bin;G:\aithinker\directory\AiThinkerIDE_V1.5.2\msys32\opt\esp32\xtensa-esp32-elf-5.0\bin;G:\aithinker\directory\AiThinkerIDE_V1.5.2\msys32\opt\esp8266\v5.2.0_for_3.0\bin;G:\aithinker\directory\AiThinkerIDE_V1.5.2\msys32\usr\bin;;C:\Program Files (x86)\NVIDIA Corporation\PhysX\Common;%SystemRoot%\system32;%SystemRoot%;%SystemRoot%\System32\Wbem;%SYSTEMROOT%\System32\WindowsPowerShell\v1.0\;%SYSTEMROOT%\System32\OpenSSH\;C:\Users\24501\AppData\Local\Microsoft\WindowsApps;;G:\Microsoft VS Code\bin;C:\Users\24501\AppData\Roaming\npm;G:\fiddler;%USERPROFILE%\AppData\Local\Microsoft\WindowsApps;.]
2021-04-23 10:42:48.868 [restartedMain] INFO  o.a.c.c.C.[Tomcat].[localhost].[/] -Initializing Spring embedded WebApplicationContext
2021-04-23 10:42:48.868 [restartedMain] INFO  o.s.web.context.ContextLoader -Root WebApplicationContext: initialization completed in 5118 ms
2021-04-23 10:42:49.694 [restartedMain] INFO  c.alibaba.druid.pool.DruidDataSource -{dataSource-1} inited
2021-04-23 10:42:52.949 [restartedMain] INFO  s.d.s.w.PropertySourcedRequestMappingHandlerMapping -Mapped URL path [/v2/api-docs] onto method [public org.springframework.http.ResponseEntity<springfox.documentation.spring.web.json.Json> springfox.documentation.swagger2.web.Swagger2Controller.getDocumentation(java.lang.String,javax.servlet.http.HttpServletRequest)]
2021-04-23 10:42:53.490 [restartedMain] INFO  s.d.s.w.p.DocumentationPluginsBootstrapper -Context refreshed
2021-04-23 10:42:53.549 [restartedMain] INFO  s.d.s.w.p.DocumentationPluginsBootstrapper -Found 1 custom documentation plugin(s)
2021-04-23 10:42:53.665 [restartedMain] INFO  s.d.s.w.s.ApiListingReferenceScanner -Scanning for api listing references
2021-04-23 10:42:54.169 [restartedMain] INFO  o.s.b.w.e.tomcat.TomcatWebServer -Tomcat started on port(s): 8888 (http) with context path ''
2021-04-23 10:42:54.179 [restartedMain] INFO  top.anly.ShiroDemoApplication -Started ShiroDemoApplication in 11.745 seconds (JVM running for 13.521)
2021-04-23 10:42:54.319 [http-nio-8888-exec-1] INFO  o.a.c.c.C.[Tomcat].[localhost].[/] -Initializing Spring DispatcherServlet 'dispatcherServlet'
2021-04-23 10:42:54.319 [http-nio-8888-exec-1] INFO  o.s.web.servlet.DispatcherServlet -Initializing Servlet 'dispatcherServlet'
2021-04-23 10:42:54.336 [http-nio-8888-exec-1] INFO  o.s.web.servlet.DispatcherServlet -Completed initialization in 17 ms
2021-04-23 10:43:59.821 [Thread-31] INFO  c.alibaba.druid.pool.DruidDataSource -{dataSource-1} closed
2021-04-23 10:44:06.006 [restartedMain] INFO  top.anly.ShiroDemoApplication -Starting ShiroDemoApplication on DESKTOP-ANC07SR with PID 10608 (F:\my\shiro-demo\target\classes started by 24501 in F:\my\shiro-demo)
2021-04-23 10:44:06.016 [restartedMain] INFO  top.anly.ShiroDemoApplication -No active profile set, falling back to default profiles: default
2021-04-23 10:44:06.185 [restartedMain] INFO  o.s.b.d.e.DevToolsPropertyDefaultsPostProcessor -Devtools property defaults active! Set 'spring.devtools.add-properties' to 'false' to disable
2021-04-23 10:44:06.186 [restartedMain] INFO  o.s.b.d.e.DevToolsPropertyDefaultsPostProcessor -For additional web related logging consider setting the 'logging.level.web' property to 'DEBUG'
2021-04-23 10:44:09.709 [restartedMain] INFO  o.s.c.s.PostProcessorRegistrationDelegate$BeanPostProcessorChecker -Bean 'org.springframework.transaction.annotation.ProxyTransactionManagementConfiguration' of type [org.springframework.transaction.annotation.ProxyTransactionManagementConfiguration$$EnhancerBySpringCGLIB$$1b8aefb5] is not eligible for getting processed by all BeanPostProcessors (for example: not eligible for auto-proxying)
2021-04-23 10:44:10.524 [restartedMain] INFO  o.s.b.w.e.tomcat.TomcatWebServer -Tomcat initialized with port(s): 8888 (http)
2021-04-23 10:44:10.575 [restartedMain] INFO  o.a.catalina.core.StandardService -Starting service [Tomcat]
2021-04-23 10:44:10.576 [restartedMain] INFO  o.a.catalina.core.StandardEngine -Starting Servlet engine: [Apache Tomcat/9.0.16]
2021-04-23 10:44:10.598 [restartedMain] INFO  o.a.c.core.AprLifecycleListener -The APR based Apache Tomcat Native library which allows optimal performance in production environments was not found on the java.library.path: [G:\jdk1.8.0_192\bin;C:\WINDOWS\Sun\Java\bin;C:\WINDOWS\system32;C:\WINDOWS;G:\python;C:\Windows\system32;C:\Windows;C:\Windows\System32\Wbem;C:\Windows\System32\WindowsPowerShell\v1.0\;C:\Windows\System32\OpenSSH\;G:\jdk1.8.0_192\bin;G:\jdk1.8.0_192\jre\bin;G:\Git\cmd;G:\Git\bin;G:\Git\mingw64\libexec\git-core;G:\nodejs\;C:\Program Files\nodejs\node_global;G:\maven\apache-maven-3.6.3\bin;G:\gradle-6.5.1\bin;G:\redis\;G:\aithinker\directory\AiThinkerIDE_V1.5.2\msys32\mingw32\bin;G:\aithinker\directory\AiThinkerIDE_V1.5.2\msys32\opt\esp32\xtensa-esp32-elf-5.0\bin;G:\aithinker\directory\AiThinkerIDE_V1.5.2\msys32\opt\esp8266\v5.2.0_for_3.0\bin;G:\aithinker\directory\AiThinkerIDE_V1.5.2\msys32\usr\bin;;C:\Program Files (x86)\NVIDIA Corporation\PhysX\Common;%SystemRoot%\system32;%SystemRoot%;%SystemRoot%\System32\Wbem;%SYSTEMROOT%\System32\WindowsPowerShell\v1.0\;%SYSTEMROOT%\System32\OpenSSH\;C:\Users\24501\AppData\Local\Microsoft\WindowsApps;;G:\Microsoft VS Code\bin;C:\Users\24501\AppData\Roaming\npm;G:\fiddler;%USERPROFILE%\AppData\Local\Microsoft\WindowsApps;.]
2021-04-23 10:44:10.856 [restartedMain] INFO  o.a.c.c.C.[Tomcat].[localhost].[/] -Initializing Spring embedded WebApplicationContext
2021-04-23 10:44:10.856 [restartedMain] INFO  o.s.web.context.ContextLoader -Root WebApplicationContext: initialization completed in 4670 ms
2021-04-23 10:44:11.671 [restartedMain] INFO  c.alibaba.druid.pool.DruidDataSource -{dataSource-1} inited
2021-04-23 10:44:14.622 [restartedMain] INFO  s.d.s.w.PropertySourcedRequestMappingHandlerMapping -Mapped URL path [/v2/api-docs] onto method [public org.springframework.http.ResponseEntity<springfox.documentation.spring.web.json.Json> springfox.documentation.swagger2.web.Swagger2Controller.getDocumentation(java.lang.String,javax.servlet.http.HttpServletRequest)]
2021-04-23 10:44:15.126 [restartedMain] INFO  s.d.s.w.p.DocumentationPluginsBootstrapper -Context refreshed
2021-04-23 10:44:15.180 [restartedMain] INFO  s.d.s.w.p.DocumentationPluginsBootstrapper -Found 1 custom documentation plugin(s)
2021-04-23 10:44:15.302 [restartedMain] INFO  s.d.s.w.s.ApiListingReferenceScanner -Scanning for api listing references
2021-04-23 10:44:15.718 [restartedMain] INFO  o.s.b.w.e.tomcat.TomcatWebServer -Tomcat started on port(s): 8888 (http) with context path ''
2021-04-23 10:44:15.724 [restartedMain] INFO  top.anly.ShiroDemoApplication -Started ShiroDemoApplication in 10.983 seconds (JVM running for 12.821)
2021-04-23 10:47:15.460 [http-nio-8888-exec-1] INFO  o.a.c.c.C.[Tomcat].[localhost].[/] -Initializing Spring DispatcherServlet 'dispatcherServlet'
2021-04-23 10:47:15.460 [http-nio-8888-exec-1] INFO  o.s.web.servlet.DispatcherServlet -Initializing Servlet 'dispatcherServlet'
2021-04-23 10:47:15.479 [http-nio-8888-exec-1] INFO  o.s.web.servlet.DispatcherServlet -Completed initialization in 19 ms
2021-04-23 10:48:35.354 [Thread-29] INFO  c.alibaba.druid.pool.DruidDataSource -{dataSource-1} closed
2021-04-23 10:48:41.401 [restartedMain] INFO  top.anly.ShiroDemoApplication -Starting ShiroDemoApplication on DESKTOP-ANC07SR with PID 4736 (F:\my\shiro-demo\target\classes started by 24501 in F:\my\shiro-demo)
2021-04-23 10:48:41.433 [restartedMain] INFO  top.anly.ShiroDemoApplication -No active profile set, falling back to default profiles: default
2021-04-23 10:48:41.597 [restartedMain] INFO  o.s.b.d.e.DevToolsPropertyDefaultsPostProcessor -Devtools property defaults active! Set 'spring.devtools.add-properties' to 'false' to disable
2021-04-23 10:48:41.597 [restartedMain] INFO  o.s.b.d.e.DevToolsPropertyDefaultsPostProcessor -For additional web related logging consider setting the 'logging.level.web' property to 'DEBUG'
2021-04-23 10:48:45.263 [restartedMain] INFO  o.s.c.s.PostProcessorRegistrationDelegate$BeanPostProcessorChecker -Bean 'org.springframework.transaction.annotation.ProxyTransactionManagementConfiguration' of type [org.springframework.transaction.annotation.ProxyTransactionManagementConfiguration$$EnhancerBySpringCGLIB$$d9f45296] is not eligible for getting processed by all BeanPostProcessors (for example: not eligible for auto-proxying)
2021-04-23 10:48:46.091 [restartedMain] INFO  o.s.b.w.e.tomcat.TomcatWebServer -Tomcat initialized with port(s): 8888 (http)
2021-04-23 10:48:46.131 [restartedMain] INFO  o.a.catalina.core.StandardService -Starting service [Tomcat]
2021-04-23 10:48:46.132 [restartedMain] INFO  o.a.catalina.core.StandardEngine -Starting Servlet engine: [Apache Tomcat/9.0.16]
2021-04-23 10:48:46.150 [restartedMain] INFO  o.a.c.core.AprLifecycleListener -The APR based Apache Tomcat Native library which allows optimal performance in production environments was not found on the java.library.path: [G:\jdk1.8.0_192\bin;C:\WINDOWS\Sun\Java\bin;C:\WINDOWS\system32;C:\WINDOWS;G:\python;C:\Windows\system32;C:\Windows;C:\Windows\System32\Wbem;C:\Windows\System32\WindowsPowerShell\v1.0\;C:\Windows\System32\OpenSSH\;G:\jdk1.8.0_192\bin;G:\jdk1.8.0_192\jre\bin;G:\Git\cmd;G:\Git\bin;G:\Git\mingw64\libexec\git-core;G:\nodejs\;C:\Program Files\nodejs\node_global;G:\maven\apache-maven-3.6.3\bin;G:\gradle-6.5.1\bin;G:\redis\;G:\aithinker\directory\AiThinkerIDE_V1.5.2\msys32\mingw32\bin;G:\aithinker\directory\AiThinkerIDE_V1.5.2\msys32\opt\esp32\xtensa-esp32-elf-5.0\bin;G:\aithinker\directory\AiThinkerIDE_V1.5.2\msys32\opt\esp8266\v5.2.0_for_3.0\bin;G:\aithinker\directory\AiThinkerIDE_V1.5.2\msys32\usr\bin;;C:\Program Files (x86)\NVIDIA Corporation\PhysX\Common;%SystemRoot%\system32;%SystemRoot%;%SystemRoot%\System32\Wbem;%SYSTEMROOT%\System32\WindowsPowerShell\v1.0\;%SYSTEMROOT%\System32\OpenSSH\;C:\Users\24501\AppData\Local\Microsoft\WindowsApps;;G:\Microsoft VS Code\bin;C:\Users\24501\AppData\Roaming\npm;G:\fiddler;%USERPROFILE%\AppData\Local\Microsoft\WindowsApps;.]
2021-04-23 10:48:46.391 [restartedMain] INFO  o.a.c.c.C.[Tomcat].[localhost].[/] -Initializing Spring embedded WebApplicationContext
2021-04-23 10:48:46.391 [restartedMain] INFO  o.s.web.context.ContextLoader -Root WebApplicationContext: initialization completed in 4794 ms
2021-04-23 10:48:47.178 [restartedMain] INFO  c.alibaba.druid.pool.DruidDataSource -{dataSource-1} inited
2021-04-23 10:48:50.580 [restartedMain] INFO  s.d.s.w.PropertySourcedRequestMappingHandlerMapping -Mapped URL path [/v2/api-docs] onto method [public org.springframework.http.ResponseEntity<springfox.documentation.spring.web.json.Json> springfox.documentation.swagger2.web.Swagger2Controller.getDocumentation(java.lang.String,javax.servlet.http.HttpServletRequest)]
2021-04-23 10:48:51.104 [restartedMain] INFO  s.d.s.w.p.DocumentationPluginsBootstrapper -Context refreshed
2021-04-23 10:48:51.160 [restartedMain] INFO  s.d.s.w.p.DocumentationPluginsBootstrapper -Found 1 custom documentation plugin(s)
2021-04-23 10:48:51.287 [restartedMain] INFO  s.d.s.w.s.ApiListingReferenceScanner -Scanning for api listing references
2021-04-23 10:48:51.735 [restartedMain] INFO  o.s.b.w.e.tomcat.TomcatWebServer -Tomcat started on port(s): 8888 (http) with context path ''
2021-04-23 10:48:51.743 [restartedMain] INFO  top.anly.ShiroDemoApplication -Started ShiroDemoApplication in 11.552 seconds (JVM running for 13.349)
2021-04-23 10:48:53.810 [http-nio-8888-exec-1] INFO  o.a.c.c.C.[Tomcat].[localhost].[/] -Initializing Spring DispatcherServlet 'dispatcherServlet'
2021-04-23 10:48:53.810 [http-nio-8888-exec-1] INFO  o.s.web.servlet.DispatcherServlet -Initializing Servlet 'dispatcherServlet'
2021-04-23 10:48:53.828 [http-nio-8888-exec-1] INFO  o.s.web.servlet.DispatcherServlet -Completed initialization in 18 ms
2021-04-23 10:48:54.219 [http-nio-8888-exec-1] INFO  top.anly.common.CommonController -代码生成成功!
2021-04-23 10:53:42.147 [http-nio-8888-exec-2] INFO  top.anly.common.CommonController -代码生成成功!
2021-04-23 10:57:22.412 [http-nio-8888-exec-4] INFO  top.anly.common.CommonController -代码生成成功!
2021-04-23 10:58:00.652 [http-nio-8888-exec-5] INFO  top.anly.common.CommonController -代码生成成功!
2021-04-23 10:58:24.294 [http-nio-8888-exec-7] INFO  top.anly.common.CommonController -代码生成成功!
2021-04-23 16:28:39.956 [Thread-3] INFO  c.alibaba.druid.pool.DruidDataSource -{dataSource-1} closed
