2021-04-22 11:15:10.538 [restartedMain] INFO  top.anly.ShiroDemoApplication -Starting ShiroDemoApplication on DESKTOP-ANC07SR with PID 11908 (F:\my\shiro-demo\target\classes started by 24501 in F:\my\shiro-demo)
2021-04-22 11:15:10.552 [restartedMain] INFO  top.anly.ShiroDemoApplication -No active profile set, falling back to default profiles: default
2021-04-22 11:15:10.751 [restartedMain] INFO  o.s.b.d.e.DevToolsPropertyDefaultsPostProcessor -Devtools property defaults active! Set 'spring.devtools.add-properties' to 'false' to disable
2021-04-22 11:15:10.751 [restartedMain] INFO  o.s.b.d.e.DevToolsPropertyDefaultsPostProcessor -For additional web related logging consider setting the 'logging.level.web' property to 'DEBUG'
2021-04-22 11:15:15.441 [restartedMain] INFO  o.s.c.s.PostProcessorRegistrationDelegate$BeanPostProcessorChecker -Bean 'org.springframework.transaction.annotation.ProxyTransactionManagementConfiguration' of type [org.springframework.transaction.annotation.ProxyTransactionManagementConfiguration$$EnhancerBySpringCGLIB$$bc66709a] is not eligible for getting processed by all BeanPostProcessors (for example: not eligible for auto-proxying)
2021-04-22 11:15:16.225 [restartedMain] INFO  o.s.b.w.e.tomcat.TomcatWebServer -Tomcat initialized with port(s): 8888 (http)
2021-04-22 11:15:16.263 [restartedMain] INFO  o.a.catalina.core.StandardService -Starting service [Tomcat]
2021-04-22 11:15:16.263 [restartedMain] INFO  o.a.catalina.core.StandardEngine -Starting Servlet engine: [Apache Tomcat/9.0.16]
2021-04-22 11:15:16.282 [restartedMain] INFO  o.a.c.core.AprLifecycleListener -The APR based Apache Tomcat Native library which allows optimal performance in production environments was not found on the java.library.path: [G:\jdk1.8.0_192\bin;C:\WINDOWS\Sun\Java\bin;C:\WINDOWS\system32;C:\WINDOWS;G:\python;C:\Windows\system32;C:\Windows;C:\Windows\System32\Wbem;C:\Windows\System32\WindowsPowerShell\v1.0\;C:\Windows\System32\OpenSSH\;G:\jdk1.8.0_192\bin;G:\jdk1.8.0_192\jre\bin;G:\Git\cmd;G:\Git\bin;G:\Git\mingw64\libexec\git-core;G:\nodejs\;C:\Program Files\nodejs\node_global;G:\maven\apache-maven-3.6.3\bin;G:\gradle-6.5.1\bin;G:\redis\;G:\aithinker\directory\AiThinkerIDE_V1.5.2\msys32\mingw32\bin;G:\aithinker\directory\AiThinkerIDE_V1.5.2\msys32\opt\esp32\xtensa-esp32-elf-5.0\bin;G:\aithinker\directory\AiThinkerIDE_V1.5.2\msys32\opt\esp8266\v5.2.0_for_3.0\bin;G:\aithinker\directory\AiThinkerIDE_V1.5.2\msys32\usr\bin;;C:\Program Files (x86)\NVIDIA Corporation\PhysX\Common;%SystemRoot%\system32;%SystemRoot%;%SystemRoot%\System32\Wbem;%SYSTEMROOT%\System32\WindowsPowerShell\v1.0\;%SYSTEMROOT%\System32\OpenSSH\;C:\Users\24501\AppData\Local\Microsoft\WindowsApps;;G:\Microsoft VS Code\bin;C:\Users\24501\AppData\Roaming\npm;G:\fiddler;%USERPROFILE%\AppData\Local\Microsoft\WindowsApps;.]
2021-04-22 11:15:16.539 [restartedMain] INFO  o.a.c.c.C.[Tomcat].[localhost].[/] -Initializing Spring embedded WebApplicationContext
2021-04-22 11:15:16.540 [restartedMain] INFO  o.s.web.context.ContextLoader -Root WebApplicationContext: initialization completed in 5789 ms
2021-04-22 11:15:17.358 [restartedMain] INFO  c.alibaba.druid.pool.DruidDataSource -{dataSource-1} inited
2021-04-22 11:15:20.417 [restartedMain] INFO  s.d.s.w.PropertySourcedRequestMappingHandlerMapping -Mapped URL path [/v2/api-docs] onto method [public org.springframework.http.ResponseEntity<springfox.documentation.spring.web.json.Json> springfox.documentation.swagger2.web.Swagger2Controller.getDocumentation(java.lang.String,javax.servlet.http.HttpServletRequest)]
2021-04-22 11:15:20.915 [restartedMain] INFO  s.d.s.w.p.DocumentationPluginsBootstrapper -Context refreshed
2021-04-22 11:15:20.965 [restartedMain] INFO  s.d.s.w.p.DocumentationPluginsBootstrapper -Found 1 custom documentation plugin(s)
2021-04-22 11:15:21.073 [restartedMain] INFO  s.d.s.w.s.ApiListingReferenceScanner -Scanning for api listing references
2021-04-22 11:15:21.420 [restartedMain] INFO  o.s.b.w.e.tomcat.TomcatWebServer -Tomcat started on port(s): 8888 (http) with context path ''
2021-04-22 11:15:21.427 [restartedMain] INFO  top.anly.ShiroDemoApplication -Started ShiroDemoApplication in 12.174 seconds (JVM running for 14.247)
2021-04-22 17:22:26.729 [http-nio-8888-exec-1] INFO  o.a.c.c.C.[Tomcat].[localhost].[/] -Initializing Spring DispatcherServlet 'dispatcherServlet'
2021-04-22 17:22:26.731 [http-nio-8888-exec-1] INFO  o.s.web.servlet.DispatcherServlet -Initializing Servlet 'dispatcherServlet'
2021-04-22 17:22:26.769 [http-nio-8888-exec-1] INFO  o.s.web.servlet.DispatcherServlet -Completed initialization in 38 ms
2021-04-22 17:39:38.979 [Thread-31] INFO  c.alibaba.druid.pool.DruidDataSource -{dataSource-1} closed
2021-04-22 17:39:50.452 [restartedMain] INFO  top.anly.ShiroDemoApplication -Starting ShiroDemoApplication on DESKTOP-ANC07SR with PID 17104 (F:\my\shiro-demo\target\classes started by 24501 in F:\my\shiro-demo)
2021-04-22 17:39:50.462 [restartedMain] INFO  top.anly.ShiroDemoApplication -No active profile set, falling back to default profiles: default
2021-04-22 17:39:50.631 [restartedMain] INFO  o.s.b.d.e.DevToolsPropertyDefaultsPostProcessor -Devtools property defaults active! Set 'spring.devtools.add-properties' to 'false' to disable
2021-04-22 17:39:50.631 [restartedMain] INFO  o.s.b.d.e.DevToolsPropertyDefaultsPostProcessor -For additional web related logging consider setting the 'logging.level.web' property to 'DEBUG'
2021-04-22 17:39:54.069 [restartedMain] INFO  o.s.c.s.PostProcessorRegistrationDelegate$BeanPostProcessorChecker -Bean 'org.springframework.transaction.annotation.ProxyTransactionManagementConfiguration' of type [org.springframework.transaction.annotation.ProxyTransactionManagementConfiguration$$EnhancerBySpringCGLIB$$5bb83747] is not eligible for getting processed by all BeanPostProcessors (for example: not eligible for auto-proxying)
2021-04-22 17:39:54.994 [restartedMain] INFO  o.s.b.w.e.tomcat.TomcatWebServer -Tomcat initialized with port(s): 8888 (http)
2021-04-22 17:39:55.037 [restartedMain] INFO  o.a.catalina.core.StandardService -Starting service [Tomcat]
2021-04-22 17:39:55.037 [restartedMain] INFO  o.a.catalina.core.StandardEngine -Starting Servlet engine: [Apache Tomcat/9.0.16]
2021-04-22 17:39:55.056 [restartedMain] INFO  o.a.c.core.AprLifecycleListener -The APR based Apache Tomcat Native library which allows optimal performance in production environments was not found on the java.library.path: [G:\jdk1.8.0_192\bin;C:\WINDOWS\Sun\Java\bin;C:\WINDOWS\system32;C:\WINDOWS;G:\python;C:\Windows\system32;C:\Windows;C:\Windows\System32\Wbem;C:\Windows\System32\WindowsPowerShell\v1.0\;C:\Windows\System32\OpenSSH\;G:\jdk1.8.0_192\bin;G:\jdk1.8.0_192\jre\bin;G:\Git\cmd;G:\Git\bin;G:\Git\mingw64\libexec\git-core;G:\nodejs\;C:\Program Files\nodejs\node_global;G:\maven\apache-maven-3.6.3\bin;G:\gradle-6.5.1\bin;G:\redis\;G:\aithinker\directory\AiThinkerIDE_V1.5.2\msys32\mingw32\bin;G:\aithinker\directory\AiThinkerIDE_V1.5.2\msys32\opt\esp32\xtensa-esp32-elf-5.0\bin;G:\aithinker\directory\AiThinkerIDE_V1.5.2\msys32\opt\esp8266\v5.2.0_for_3.0\bin;G:\aithinker\directory\AiThinkerIDE_V1.5.2\msys32\usr\bin;;C:\Program Files (x86)\NVIDIA Corporation\PhysX\Common;%SystemRoot%\system32;%SystemRoot%;%SystemRoot%\System32\Wbem;%SYSTEMROOT%\System32\WindowsPowerShell\v1.0\;%SYSTEMROOT%\System32\OpenSSH\;C:\Users\24501\AppData\Local\Microsoft\WindowsApps;;G:\Microsoft VS Code\bin;C:\Users\24501\AppData\Roaming\npm;G:\fiddler;%USERPROFILE%\AppData\Local\Microsoft\WindowsApps;.]
2021-04-22 17:39:55.309 [restartedMain] INFO  o.a.c.c.C.[Tomcat].[localhost].[/] -Initializing Spring embedded WebApplicationContext
2021-04-22 17:39:55.309 [restartedMain] INFO  o.s.web.context.ContextLoader -Root WebApplicationContext: initialization completed in 4678 ms
2021-04-22 17:39:56.044 [restartedMain] INFO  c.alibaba.druid.pool.DruidDataSource -{dataSource-1} inited
2021-04-22 17:39:59.001 [restartedMain] INFO  s.d.s.w.PropertySourcedRequestMappingHandlerMapping -Mapped URL path [/v2/api-docs] onto method [public org.springframework.http.ResponseEntity<springfox.documentation.spring.web.json.Json> springfox.documentation.swagger2.web.Swagger2Controller.getDocumentation(java.lang.String,javax.servlet.http.HttpServletRequest)]
2021-04-22 17:39:59.498 [restartedMain] INFO  s.d.s.w.p.DocumentationPluginsBootstrapper -Context refreshed
2021-04-22 17:39:59.552 [restartedMain] INFO  s.d.s.w.p.DocumentationPluginsBootstrapper -Found 1 custom documentation plugin(s)
2021-04-22 17:39:59.670 [restartedMain] INFO  s.d.s.w.s.ApiListingReferenceScanner -Scanning for api listing references
2021-04-22 17:40:00.065 [restartedMain] INFO  o.s.b.w.e.tomcat.TomcatWebServer -Tomcat started on port(s): 8888 (http) with context path ''
2021-04-22 17:40:00.072 [restartedMain] INFO  top.anly.ShiroDemoApplication -Started ShiroDemoApplication in 10.817 seconds (JVM running for 12.656)
2021-04-22 17:40:36.363 [http-nio-8888-exec-1] INFO  o.a.c.c.C.[Tomcat].[localhost].[/] -Initializing Spring DispatcherServlet 'dispatcherServlet'
2021-04-22 17:40:36.364 [http-nio-8888-exec-1] INFO  o.s.web.servlet.DispatcherServlet -Initializing Servlet 'dispatcherServlet'
2021-04-22 17:40:36.383 [http-nio-8888-exec-1] INFO  o.s.web.servlet.DispatcherServlet -Completed initialization in 19 ms
2021-04-22 17:45:48.214 [Thread-29] INFO  c.alibaba.druid.pool.DruidDataSource -{dataSource-1} closed
2021-04-22 17:45:54.848 [restartedMain] INFO  top.anly.ShiroDemoApplication -Starting ShiroDemoApplication on DESKTOP-ANC07SR with PID 14824 (F:\my\shiro-demo\target\classes started by 24501 in F:\my\shiro-demo)
2021-04-22 17:45:54.865 [restartedMain] INFO  top.anly.ShiroDemoApplication -No active profile set, falling back to default profiles: default
2021-04-22 17:45:55.045 [restartedMain] INFO  o.s.b.d.e.DevToolsPropertyDefaultsPostProcessor -Devtools property defaults active! Set 'spring.devtools.add-properties' to 'false' to disable
2021-04-22 17:45:55.045 [restartedMain] INFO  o.s.b.d.e.DevToolsPropertyDefaultsPostProcessor -For additional web related logging consider setting the 'logging.level.web' property to 'DEBUG'
2021-04-22 17:45:58.677 [restartedMain] INFO  o.s.c.s.PostProcessorRegistrationDelegate$BeanPostProcessorChecker -Bean 'org.springframework.transaction.annotation.ProxyTransactionManagementConfiguration' of type [org.springframework.transaction.annotation.ProxyTransactionManagementConfiguration$$EnhancerBySpringCGLIB$$fadf00cc] is not eligible for getting processed by all BeanPostProcessors (for example: not eligible for auto-proxying)
2021-04-22 17:45:59.477 [restartedMain] INFO  o.s.b.w.e.tomcat.TomcatWebServer -Tomcat initialized with port(s): 8888 (http)
2021-04-22 17:45:59.514 [restartedMain] INFO  o.a.catalina.core.StandardService -Starting service [Tomcat]
2021-04-22 17:45:59.515 [restartedMain] INFO  o.a.catalina.core.StandardEngine -Starting Servlet engine: [Apache Tomcat/9.0.16]
2021-04-22 17:45:59.533 [restartedMain] INFO  o.a.c.core.AprLifecycleListener -The APR based Apache Tomcat Native library which allows optimal performance in production environments was not found on the java.library.path: [G:\jdk1.8.0_192\bin;C:\WINDOWS\Sun\Java\bin;C:\WINDOWS\system32;C:\WINDOWS;G:\python;C:\Windows\system32;C:\Windows;C:\Windows\System32\Wbem;C:\Windows\System32\WindowsPowerShell\v1.0\;C:\Windows\System32\OpenSSH\;G:\jdk1.8.0_192\bin;G:\jdk1.8.0_192\jre\bin;G:\Git\cmd;G:\Git\bin;G:\Git\mingw64\libexec\git-core;G:\nodejs\;C:\Program Files\nodejs\node_global;G:\maven\apache-maven-3.6.3\bin;G:\gradle-6.5.1\bin;G:\redis\;G:\aithinker\directory\AiThinkerIDE_V1.5.2\msys32\mingw32\bin;G:\aithinker\directory\AiThinkerIDE_V1.5.2\msys32\opt\esp32\xtensa-esp32-elf-5.0\bin;G:\aithinker\directory\AiThinkerIDE_V1.5.2\msys32\opt\esp8266\v5.2.0_for_3.0\bin;G:\aithinker\directory\AiThinkerIDE_V1.5.2\msys32\usr\bin;;C:\Program Files (x86)\NVIDIA Corporation\PhysX\Common;%SystemRoot%\system32;%SystemRoot%;%SystemRoot%\System32\Wbem;%SYSTEMROOT%\System32\WindowsPowerShell\v1.0\;%SYSTEMROOT%\System32\OpenSSH\;C:\Users\24501\AppData\Local\Microsoft\WindowsApps;;G:\Microsoft VS Code\bin;C:\Users\24501\AppData\Roaming\npm;G:\fiddler;%USERPROFILE%\AppData\Local\Microsoft\WindowsApps;.]
2021-04-22 17:45:59.775 [restartedMain] INFO  o.a.c.c.C.[Tomcat].[localhost].[/] -Initializing Spring embedded WebApplicationContext
2021-04-22 17:45:59.775 [restartedMain] INFO  o.s.web.context.ContextLoader -Root WebApplicationContext: initialization completed in 4729 ms
2021-04-22 17:46:00.541 [restartedMain] INFO  c.alibaba.druid.pool.DruidDataSource -{dataSource-1} inited
2021-04-22 17:46:03.520 [restartedMain] INFO  s.d.s.w.PropertySourcedRequestMappingHandlerMapping -Mapped URL path [/v2/api-docs] onto method [public org.springframework.http.ResponseEntity<springfox.documentation.spring.web.json.Json> springfox.documentation.swagger2.web.Swagger2Controller.getDocumentation(java.lang.String,javax.servlet.http.HttpServletRequest)]
2021-04-22 17:46:04.024 [restartedMain] INFO  s.d.s.w.p.DocumentationPluginsBootstrapper -Context refreshed
2021-04-22 17:46:04.076 [restartedMain] INFO  s.d.s.w.p.DocumentationPluginsBootstrapper -Found 1 custom documentation plugin(s)
2021-04-22 17:46:04.189 [restartedMain] INFO  s.d.s.w.s.ApiListingReferenceScanner -Scanning for api listing references
2021-04-22 17:46:04.563 [restartedMain] INFO  o.s.b.w.e.tomcat.TomcatWebServer -Tomcat started on port(s): 8888 (http) with context path ''
2021-04-22 17:46:04.571 [restartedMain] INFO  top.anly.ShiroDemoApplication -Started ShiroDemoApplication in 10.937 seconds (JVM running for 12.862)
2021-04-22 17:46:31.122 [http-nio-8888-exec-2] INFO  o.a.c.c.C.[Tomcat].[localhost].[/] -Initializing Spring DispatcherServlet 'dispatcherServlet'
2021-04-22 17:46:31.122 [http-nio-8888-exec-2] INFO  o.s.web.servlet.DispatcherServlet -Initializing Servlet 'dispatcherServlet'
2021-04-22 17:46:31.139 [http-nio-8888-exec-2] INFO  o.s.web.servlet.DispatcherServlet -Completed initialization in 17 ms
2021-04-22 17:58:39.186 [Thread-30] INFO  c.alibaba.druid.pool.DruidDataSource -{dataSource-1} closed
