2021-04-14 16:23:10.030 [restartedMain] INFO  top.anly.ShiroDemoApplication -Starting ShiroDemoApplication on DESKTOP-ANC07SR with PID 9316 (F:\my\shiro-demo\target\classes started by 24501 in F:\my\shiro-demo)
2021-04-14 16:23:10.048 [restartedMain] INFO  top.anly.ShiroDemoApplication -No active profile set, falling back to default profiles: default
2021-04-14 16:23:10.218 [restartedMain] INFO  o.s.b.d.e.DevToolsPropertyDefaultsPostProcessor -Devtools property defaults active! Set 'spring.devtools.add-properties' to 'false' to disable
2021-04-14 16:23:10.218 [restartedMain] INFO  o.s.b.d.e.DevToolsPropertyDefaultsPostProcessor -For additional web related logging consider setting the 'logging.level.web' property to 'DEBUG'
2021-04-14 16:23:14.195 [restartedMain] INFO  o.s.b.w.e.tomcat.TomcatWebServer -Tomcat initialized with port(s): 8888 (http)
2021-04-14 16:23:14.235 [restartedMain] INFO  o.a.catalina.core.StandardService -Starting service [Tomcat]
2021-04-14 16:23:14.235 [restartedMain] INFO  o.a.catalina.core.StandardEngine -Starting Servlet engine: [Apache Tomcat/9.0.16]
2021-04-14 16:23:14.253 [restartedMain] INFO  o.a.c.core.AprLifecycleListener -The APR based Apache Tomcat Native library which allows optimal performance in production environments was not found on the java.library.path: [G:\jdk1.8.0_192\bin;C:\Windows\Sun\Java\bin;C:\Windows\system32;C:\Windows;G:\python;C:\Windows\system32;C:\Windows;C:\Windows\System32\Wbem;C:\Windows\System32\WindowsPowerShell\v1.0\;C:\Windows\System32\OpenSSH\;G:\jdk1.8.0_192\bin;G:\jdk1.8.0_192\jre\bin;G:\Git\cmd;G:\Git\bin;G:\Git\mingw64\libexec\git-core;G:\nodejs\;C:\Program Files\nodejs\node_global;G:\maven\apache-maven-3.6.3\bin;G:\gradle-6.5.1\bin;G:\redis\;G:\aithinker\directory\AiThinkerIDE_V1.5.2\msys32\mingw32\bin;G:\aithinker\directory\AiThinkerIDE_V1.5.2\msys32\opt\esp32\xtensa-esp32-elf-5.0\bin;G:\aithinker\directory\AiThinkerIDE_V1.5.2\msys32\opt\esp8266\v5.2.0_for_3.0\bin;G:\aithinker\directory\AiThinkerIDE_V1.5.2\msys32\usr\bin;;C:\Program Files (x86)\NVIDIA Corporation\PhysX\Common;C:\Users\24501\AppData\Local\Microsoft\WindowsApps;;G:\Microsoft VS Code\bin;C:\Users\24501\AppData\Roaming\npm;G:\fiddler;.]
2021-04-14 16:23:14.524 [restartedMain] INFO  o.a.c.c.C.[Tomcat].[localhost].[/] -Initializing Spring embedded WebApplicationContext
2021-04-14 16:23:14.524 [restartedMain] INFO  o.s.web.context.ContextLoader -Root WebApplicationContext: initialization completed in 4305 ms
2021-04-14 16:23:15.282 [restartedMain] INFO  c.alibaba.druid.pool.DruidDataSource -{dataSource-1} inited
2021-04-14 16:23:18.279 [restartedMain] INFO  o.s.b.w.e.tomcat.TomcatWebServer -Tomcat started on port(s): 8888 (http) with context path ''
2021-04-14 16:23:18.286 [restartedMain] INFO  top.anly.ShiroDemoApplication -Started ShiroDemoApplication in 9.501 seconds (JVM running for 11.498)
2021-04-14 16:24:24.144 [Thread-3] INFO  c.alibaba.druid.pool.DruidDataSource -{dataSource-1} closed
2021-04-14 16:24:37.144 [restartedMain] INFO  top.anly.ShiroDemoApplication -Starting ShiroDemoApplication on DESKTOP-ANC07SR with PID 17196 (F:\my\shiro-demo\target\classes started by 24501 in F:\my\shiro-demo)
2021-04-14 16:24:37.153 [restartedMain] INFO  top.anly.ShiroDemoApplication -No active profile set, falling back to default profiles: default
2021-04-14 16:24:37.314 [restartedMain] INFO  o.s.b.d.e.DevToolsPropertyDefaultsPostProcessor -Devtools property defaults active! Set 'spring.devtools.add-properties' to 'false' to disable
2021-04-14 16:24:37.314 [restartedMain] INFO  o.s.b.d.e.DevToolsPropertyDefaultsPostProcessor -For additional web related logging consider setting the 'logging.level.web' property to 'DEBUG'
2021-04-14 16:24:41.036 [restartedMain] INFO  o.s.b.w.e.tomcat.TomcatWebServer -Tomcat initialized with port(s): 8888 (http)
2021-04-14 16:24:41.076 [restartedMain] INFO  o.a.catalina.core.StandardService -Starting service [Tomcat]
2021-04-14 16:24:41.076 [restartedMain] INFO  o.a.catalina.core.StandardEngine -Starting Servlet engine: [Apache Tomcat/9.0.16]
2021-04-14 16:24:41.092 [restartedMain] INFO  o.a.c.core.AprLifecycleListener -The APR based Apache Tomcat Native library which allows optimal performance in production environments was not found on the java.library.path: [G:\jdk1.8.0_192\bin;C:\Windows\Sun\Java\bin;C:\Windows\system32;C:\Windows;G:\python;C:\Windows\system32;C:\Windows;C:\Windows\System32\Wbem;C:\Windows\System32\WindowsPowerShell\v1.0\;C:\Windows\System32\OpenSSH\;G:\jdk1.8.0_192\bin;G:\jdk1.8.0_192\jre\bin;G:\Git\cmd;G:\Git\bin;G:\Git\mingw64\libexec\git-core;G:\nodejs\;C:\Program Files\nodejs\node_global;G:\maven\apache-maven-3.6.3\bin;G:\gradle-6.5.1\bin;G:\redis\;G:\aithinker\directory\AiThinkerIDE_V1.5.2\msys32\mingw32\bin;G:\aithinker\directory\AiThinkerIDE_V1.5.2\msys32\opt\esp32\xtensa-esp32-elf-5.0\bin;G:\aithinker\directory\AiThinkerIDE_V1.5.2\msys32\opt\esp8266\v5.2.0_for_3.0\bin;G:\aithinker\directory\AiThinkerIDE_V1.5.2\msys32\usr\bin;;C:\Program Files (x86)\NVIDIA Corporation\PhysX\Common;C:\Users\24501\AppData\Local\Microsoft\WindowsApps;;G:\Microsoft VS Code\bin;C:\Users\24501\AppData\Roaming\npm;G:\fiddler;.]
2021-04-14 16:24:41.349 [restartedMain] INFO  o.a.c.c.C.[Tomcat].[localhost].[/] -Initializing Spring embedded WebApplicationContext
2021-04-14 16:24:41.349 [restartedMain] INFO  o.s.web.context.ContextLoader -Root WebApplicationContext: initialization completed in 4035 ms
2021-04-14 16:24:42.085 [restartedMain] INFO  c.alibaba.druid.pool.DruidDataSource -{dataSource-1} inited
2021-04-14 16:24:45.359 [restartedMain] INFO  o.s.b.w.e.tomcat.TomcatWebServer -Tomcat started on port(s): 8888 (http) with context path ''
2021-04-14 16:24:45.366 [restartedMain] INFO  top.anly.ShiroDemoApplication -Started ShiroDemoApplication in 9.359 seconds (JVM running for 12.011)
2021-04-14 16:38:47.183 [Thread-26] INFO  c.alibaba.druid.pool.DruidDataSource -{dataSource-1} closed
2021-04-14 16:38:55.051 [restartedMain] INFO  top.anly.ShiroDemoApplication -Starting ShiroDemoApplication on DESKTOP-ANC07SR with PID 12760 (F:\my\shiro-demo\target\classes started by 24501 in F:\my\shiro-demo)
2021-04-14 16:38:55.060 [restartedMain] INFO  top.anly.ShiroDemoApplication -No active profile set, falling back to default profiles: default
2021-04-14 16:38:55.219 [restartedMain] INFO  o.s.b.d.e.DevToolsPropertyDefaultsPostProcessor -Devtools property defaults active! Set 'spring.devtools.add-properties' to 'false' to disable
2021-04-14 16:38:55.219 [restartedMain] INFO  o.s.b.d.e.DevToolsPropertyDefaultsPostProcessor -For additional web related logging consider setting the 'logging.level.web' property to 'DEBUG'
2021-04-14 16:38:58.815 [restartedMain] INFO  o.s.b.w.e.tomcat.TomcatWebServer -Tomcat initialized with port(s): 8888 (http)
2021-04-14 16:38:58.852 [restartedMain] INFO  o.a.catalina.core.StandardService -Starting service [Tomcat]
2021-04-14 16:38:58.853 [restartedMain] INFO  o.a.catalina.core.StandardEngine -Starting Servlet engine: [Apache Tomcat/9.0.16]
2021-04-14 16:38:58.870 [restartedMain] INFO  o.a.c.core.AprLifecycleListener -The APR based Apache Tomcat Native library which allows optimal performance in production environments was not found on the java.library.path: [G:\jdk1.8.0_192\bin;C:\Windows\Sun\Java\bin;C:\Windows\system32;C:\Windows;G:\python;C:\Windows\system32;C:\Windows;C:\Windows\System32\Wbem;C:\Windows\System32\WindowsPowerShell\v1.0\;C:\Windows\System32\OpenSSH\;G:\jdk1.8.0_192\bin;G:\jdk1.8.0_192\jre\bin;G:\Git\cmd;G:\Git\bin;G:\Git\mingw64\libexec\git-core;G:\nodejs\;C:\Program Files\nodejs\node_global;G:\maven\apache-maven-3.6.3\bin;G:\gradle-6.5.1\bin;G:\redis\;G:\aithinker\directory\AiThinkerIDE_V1.5.2\msys32\mingw32\bin;G:\aithinker\directory\AiThinkerIDE_V1.5.2\msys32\opt\esp32\xtensa-esp32-elf-5.0\bin;G:\aithinker\directory\AiThinkerIDE_V1.5.2\msys32\opt\esp8266\v5.2.0_for_3.0\bin;G:\aithinker\directory\AiThinkerIDE_V1.5.2\msys32\usr\bin;;C:\Program Files (x86)\NVIDIA Corporation\PhysX\Common;C:\Users\24501\AppData\Local\Microsoft\WindowsApps;;G:\Microsoft VS Code\bin;C:\Users\24501\AppData\Roaming\npm;G:\fiddler;.]
2021-04-14 16:38:59.127 [restartedMain] INFO  o.a.c.c.C.[Tomcat].[localhost].[/] -Initializing Spring embedded WebApplicationContext
2021-04-14 16:38:59.128 [restartedMain] INFO  o.s.web.context.ContextLoader -Root WebApplicationContext: initialization completed in 3909 ms
2021-04-14 16:38:59.878 [restartedMain] INFO  c.alibaba.druid.pool.DruidDataSource -{dataSource-1} inited
2021-04-14 16:39:02.031 [restartedMain] INFO  o.s.b.w.e.tomcat.TomcatWebServer -Tomcat started on port(s): 8888 (http) with context path ''
2021-04-14 16:39:02.037 [restartedMain] INFO  top.anly.ShiroDemoApplication -Started ShiroDemoApplication in 8.098 seconds (JVM running for 9.963)
2021-04-14 16:39:13.047 [main] INFO  o.s.b.t.c.SpringBootTestContextBootstrapper -Neither @ContextConfiguration nor @ContextHierarchy found for test class [AnlyTestApplication], using SpringBootContextLoader
2021-04-14 16:39:13.067 [main] INFO  o.s.t.c.s.AbstractContextLoader -Could not detect default resource locations for test class [AnlyTestApplication]: no resource found for suffixes {-context.xml, Context.groovy}.
2021-04-14 16:39:13.069 [main] INFO  o.s.t.c.s.AnnotationConfigContextLoaderUtils -Could not detect default configuration classes for test class [AnlyTestApplication]: AnlyTestApplication does not declare any static, non-private, non-final, nested classes annotated with @Configuration.
2021-04-14 16:40:08.368 [main] INFO  o.s.b.t.c.SpringBootTestContextBootstrapper -Neither @ContextConfiguration nor @ContextHierarchy found for test class [AnlyTestApplication], using SpringBootContextLoader
2021-04-14 16:40:08.388 [main] INFO  o.s.t.c.s.AbstractContextLoader -Could not detect default resource locations for test class [AnlyTestApplication]: no resource found for suffixes {-context.xml, Context.groovy}.
2021-04-14 16:40:08.841 [main] INFO  o.s.b.t.c.SpringBootTestContextBootstrapper -Loaded default TestExecutionListener class names from location [META-INF/spring.factories]: [org.springframework.boot.test.mock.mockito.MockitoTestExecutionListener, org.springframework.boot.test.mock.mockito.ResetMocksTestExecutionListener, org.springframework.boot.test.autoconfigure.restdocs.RestDocsTestExecutionListener, org.springframework.boot.test.autoconfigure.web.client.MockRestServiceServerResetTestExecutionListener, org.springframework.boot.test.autoconfigure.web.servlet.MockMvcPrintOnlyOnFailureTestExecutionListener, org.springframework.boot.test.autoconfigure.web.servlet.WebDriverTestExecutionListener, org.springframework.test.context.web.ServletTestExecutionListener, org.springframework.test.context.support.DirtiesContextBeforeModesTestExecutionListener, org.springframework.test.context.support.DependencyInjectionTestExecutionListener, org.springframework.test.context.support.DirtiesContextTestExecutionListener, org.springframework.test.context.transaction.TransactionalTestExecutionListener, org.springframework.test.context.jdbc.SqlScriptsTestExecutionListener]
2021-04-14 16:40:08.900 [main] INFO  o.s.b.t.c.SpringBootTestContextBootstrapper -Using TestExecutionListeners: [org.springframework.test.context.web.ServletTestExecutionListener@676cf48, org.springframework.test.context.support.DirtiesContextBeforeModesTestExecutionListener@5a1de7fb, org.springframework.boot.test.mock.mockito.MockitoTestExecutionListener@335b5620, org.springframework.boot.test.autoconfigure.SpringBootDependencyInjectionTestExecutionListener@29a0cdb, org.springframework.test.context.support.DirtiesContextTestExecutionListener@32a68f4f, org.springframework.test.context.transaction.TransactionalTestExecutionListener@73194df, org.springframework.test.context.jdbc.SqlScriptsTestExecutionListener@6eb2384f, org.springframework.boot.test.mock.mockito.ResetMocksTestExecutionListener@3c9c0d96, org.springframework.boot.test.autoconfigure.restdocs.RestDocsTestExecutionListener@3a4621bd, org.springframework.boot.test.autoconfigure.web.client.MockRestServiceServerResetTestExecutionListener@31dadd46, org.springframework.boot.test.autoconfigure.web.servlet.MockMvcPrintOnlyOnFailureTestExecutionListener@4ed5eb72, org.springframework.boot.test.autoconfigure.web.servlet.WebDriverTestExecutionListener@12f9af83]
2021-04-14 16:40:10.200 [main] INFO  AnlyTestApplication -Starting AnlyTestApplication on DESKTOP-ANC07SR with PID 5136 (started by 24501 in F:\my\shiro-demo)
2021-04-14 16:40:10.201 [main] INFO  AnlyTestApplication -No active profile set, falling back to default profiles: default
2021-04-14 16:40:10.838 [main] INFO  AnlyTestApplication -Started AnlyTestApplication in 1.718 seconds (JVM running for 3.975)
2021-04-14 16:44:05.241 [Thread-3] INFO  c.alibaba.druid.pool.DruidDataSource -{dataSource-1} closed
2021-04-14 16:44:06.099 [restartedMain] INFO  top.anly.ShiroDemoApplication -Starting ShiroDemoApplication on DESKTOP-ANC07SR with PID 12760 (F:\my\shiro-demo\target\classes started by 24501 in F:\my\shiro-demo)
2021-04-14 16:44:06.099 [restartedMain] INFO  top.anly.ShiroDemoApplication -No active profile set, falling back to default profiles: default
2021-04-14 16:44:07.349 [main] INFO  o.s.b.t.c.SpringBootTestContextBootstrapper -Neither @ContextConfiguration nor @ContextHierarchy found for test class [AnlyTestApplication], using SpringBootContextLoader
2021-04-14 16:44:07.376 [main] INFO  o.s.t.c.s.AbstractContextLoader -Could not detect default resource locations for test class [AnlyTestApplication]: no resource found for suffixes {-context.xml, Context.groovy}.
2021-04-14 16:44:07.950 [restartedMain] INFO  o.s.b.w.e.tomcat.TomcatWebServer -Tomcat initialized with port(s): 8888 (http)
2021-04-14 16:44:07.951 [restartedMain] INFO  o.a.catalina.core.StandardService -Starting service [Tomcat]
2021-04-14 16:44:07.952 [restartedMain] INFO  o.a.catalina.core.StandardEngine -Starting Servlet engine: [Apache Tomcat/9.0.16]
2021-04-14 16:44:07.986 [restartedMain] INFO  o.a.c.c.C.[Tomcat].[localhost].[/] -Initializing Spring embedded WebApplicationContext
2021-04-14 16:44:07.987 [restartedMain] INFO  o.s.web.context.ContextLoader -Root WebApplicationContext: initialization completed in 1863 ms
2021-04-14 16:44:08.080 [main] INFO  o.s.b.t.c.SpringBootTestContextBootstrapper -Loaded default TestExecutionListener class names from location [META-INF/spring.factories]: [org.springframework.boot.test.mock.mockito.MockitoTestExecutionListener, org.springframework.boot.test.mock.mockito.ResetMocksTestExecutionListener, org.springframework.boot.test.autoconfigure.restdocs.RestDocsTestExecutionListener, org.springframework.boot.test.autoconfigure.web.client.MockRestServiceServerResetTestExecutionListener, org.springframework.boot.test.autoconfigure.web.servlet.MockMvcPrintOnlyOnFailureTestExecutionListener, org.springframework.boot.test.autoconfigure.web.servlet.WebDriverTestExecutionListener, org.springframework.test.context.web.ServletTestExecutionListener, org.springframework.test.context.support.DirtiesContextBeforeModesTestExecutionListener, org.springframework.test.context.support.DependencyInjectionTestExecutionListener, org.springframework.test.context.support.DirtiesContextTestExecutionListener, org.springframework.test.context.transaction.TransactionalTestExecutionListener, org.springframework.test.context.jdbc.SqlScriptsTestExecutionListener]
2021-04-14 16:44:08.143 [main] INFO  o.s.b.t.c.SpringBootTestContextBootstrapper -Using TestExecutionListeners: [org.springframework.test.context.web.ServletTestExecutionListener@5b1ebf56, org.springframework.test.context.support.DirtiesContextBeforeModesTestExecutionListener@294a6b8e, org.springframework.boot.test.mock.mockito.MockitoTestExecutionListener@4b1d6571, org.springframework.boot.test.autoconfigure.SpringBootDependencyInjectionTestExecutionListener@1b835480, org.springframework.test.context.support.DirtiesContextTestExecutionListener@3549bca9, org.springframework.test.context.transaction.TransactionalTestExecutionListener@4f25b795, org.springframework.test.context.jdbc.SqlScriptsTestExecutionListener@6fb365ed, org.springframework.boot.test.mock.mockito.ResetMocksTestExecutionListener@6e950bcf, org.springframework.boot.test.autoconfigure.restdocs.RestDocsTestExecutionListener@16414e40, org.springframework.boot.test.autoconfigure.web.client.MockRestServiceServerResetTestExecutionListener@74bada02, org.springframework.boot.test.autoconfigure.web.servlet.MockMvcPrintOnlyOnFailureTestExecutionListener@525575, org.springframework.boot.test.autoconfigure.web.servlet.WebDriverTestExecutionListener@46dffdc3]
2021-04-14 16:44:08.165 [restartedMain] INFO  c.alibaba.druid.pool.DruidDataSource -{dataSource-2} inited
2021-04-14 16:44:09.247 [restartedMain] INFO  o.s.b.w.e.tomcat.TomcatWebServer -Tomcat started on port(s): 8888 (http) with context path ''
2021-04-14 16:44:09.248 [restartedMain] INFO  top.anly.ShiroDemoApplication -Started ShiroDemoApplication in 3.39 seconds (JVM running for 317.174)
2021-04-14 16:44:09.253 [restartedMain] INFO  o.s.b.d.a.ConditionEvaluationDeltaLoggingListener -Condition evaluation unchanged
2021-04-14 16:44:09.587 [main] INFO  AnlyTestApplication -Starting AnlyTestApplication on DESKTOP-ANC07SR with PID 2504 (started by 24501 in F:\my\shiro-demo)
2021-04-14 16:44:09.588 [main] INFO  AnlyTestApplication -No active profile set, falling back to default profiles: default
2021-04-14 16:44:13.950 [main] INFO  c.alibaba.druid.pool.DruidDataSource -{dataSource-1} inited
2021-04-14 16:44:21.190 [main] INFO  AnlyTestApplication -Started AnlyTestApplication in 12.84 seconds (JVM running for 15.684)
2021-04-14 16:44:22.517 [Thread-4] INFO  c.alibaba.druid.pool.DruidDataSource -{dataSource-1} closed
2021-04-14 16:44:45.913 [main] INFO  o.s.b.t.c.SpringBootTestContextBootstrapper -Neither @ContextConfiguration nor @ContextHierarchy found for test class [AnlyTestApplication], using SpringBootContextLoader
2021-04-14 16:44:45.939 [main] INFO  o.s.t.c.s.AbstractContextLoader -Could not detect default resource locations for test class [AnlyTestApplication]: no resource found for suffixes {-context.xml, Context.groovy}.
2021-04-14 16:44:46.556 [main] INFO  o.s.b.t.c.SpringBootTestContextBootstrapper -Loaded default TestExecutionListener class names from location [META-INF/spring.factories]: [org.springframework.boot.test.mock.mockito.MockitoTestExecutionListener, org.springframework.boot.test.mock.mockito.ResetMocksTestExecutionListener, org.springframework.boot.test.autoconfigure.restdocs.RestDocsTestExecutionListener, org.springframework.boot.test.autoconfigure.web.client.MockRestServiceServerResetTestExecutionListener, org.springframework.boot.test.autoconfigure.web.servlet.MockMvcPrintOnlyOnFailureTestExecutionListener, org.springframework.boot.test.autoconfigure.web.servlet.WebDriverTestExecutionListener, org.springframework.test.context.web.ServletTestExecutionListener, org.springframework.test.context.support.DirtiesContextBeforeModesTestExecutionListener, org.springframework.test.context.support.DependencyInjectionTestExecutionListener, org.springframework.test.context.support.DirtiesContextTestExecutionListener, org.springframework.test.context.transaction.TransactionalTestExecutionListener, org.springframework.test.context.jdbc.SqlScriptsTestExecutionListener]
2021-04-14 16:44:46.630 [main] INFO  o.s.b.t.c.SpringBootTestContextBootstrapper -Using TestExecutionListeners: [org.springframework.test.context.web.ServletTestExecutionListener@294a6b8e, org.springframework.test.context.support.DirtiesContextBeforeModesTestExecutionListener@4b1d6571, org.springframework.boot.test.mock.mockito.MockitoTestExecutionListener@1b835480, org.springframework.boot.test.autoconfigure.SpringBootDependencyInjectionTestExecutionListener@3549bca9, org.springframework.test.context.support.DirtiesContextTestExecutionListener@4f25b795, org.springframework.test.context.transaction.TransactionalTestExecutionListener@6fb365ed, org.springframework.test.context.jdbc.SqlScriptsTestExecutionListener@6e950bcf, org.springframework.boot.test.mock.mockito.ResetMocksTestExecutionListener@16414e40, org.springframework.boot.test.autoconfigure.restdocs.RestDocsTestExecutionListener@74bada02, org.springframework.boot.test.autoconfigure.web.client.MockRestServiceServerResetTestExecutionListener@525575, org.springframework.boot.test.autoconfigure.web.servlet.MockMvcPrintOnlyOnFailureTestExecutionListener@46dffdc3, org.springframework.boot.test.autoconfigure.web.servlet.WebDriverTestExecutionListener@5a709816]
2021-04-14 16:44:48.000 [main] INFO  AnlyTestApplication -Starting AnlyTestApplication on DESKTOP-ANC07SR with PID 9040 (started by 24501 in F:\my\shiro-demo)
2021-04-14 16:44:48.000 [main] INFO  AnlyTestApplication -No active profile set, falling back to default profiles: default
2021-04-14 16:44:52.456 [main] INFO  c.alibaba.druid.pool.DruidDataSource -{dataSource-1} inited
2021-04-14 16:44:59.556 [main] INFO  AnlyTestApplication -Started AnlyTestApplication in 12.686 seconds (JVM running for 15.326)
2021-04-14 16:45:18.644 [Thread-4] INFO  c.alibaba.druid.pool.DruidDataSource -{dataSource-1} closed
2021-04-14 16:45:26.223 [main] INFO  o.s.b.t.c.SpringBootTestContextBootstrapper -Neither @ContextConfiguration nor @ContextHierarchy found for test class [AnlyTestApplication], using SpringBootContextLoader
2021-04-14 16:45:26.256 [main] INFO  o.s.t.c.s.AbstractContextLoader -Could not detect default resource locations for test class [AnlyTestApplication]: no resource found for suffixes {-context.xml, Context.groovy}.
2021-04-14 16:45:26.837 [main] INFO  o.s.b.t.c.SpringBootTestContextBootstrapper -Loaded default TestExecutionListener class names from location [META-INF/spring.factories]: [org.springframework.boot.test.mock.mockito.MockitoTestExecutionListener, org.springframework.boot.test.mock.mockito.ResetMocksTestExecutionListener, org.springframework.boot.test.autoconfigure.restdocs.RestDocsTestExecutionListener, org.springframework.boot.test.autoconfigure.web.client.MockRestServiceServerResetTestExecutionListener, org.springframework.boot.test.autoconfigure.web.servlet.MockMvcPrintOnlyOnFailureTestExecutionListener, org.springframework.boot.test.autoconfigure.web.servlet.WebDriverTestExecutionListener, org.springframework.test.context.web.ServletTestExecutionListener, org.springframework.test.context.support.DirtiesContextBeforeModesTestExecutionListener, org.springframework.test.context.support.DependencyInjectionTestExecutionListener, org.springframework.test.context.support.DirtiesContextTestExecutionListener, org.springframework.test.context.transaction.TransactionalTestExecutionListener, org.springframework.test.context.jdbc.SqlScriptsTestExecutionListener]
2021-04-14 16:45:26.913 [main] INFO  o.s.b.t.c.SpringBootTestContextBootstrapper -Using TestExecutionListeners: [org.springframework.test.context.web.ServletTestExecutionListener@5b1ebf56, org.springframework.test.context.support.DirtiesContextBeforeModesTestExecutionListener@294a6b8e, org.springframework.boot.test.mock.mockito.MockitoTestExecutionListener@4b1d6571, org.springframework.boot.test.autoconfigure.SpringBootDependencyInjectionTestExecutionListener@1b835480, org.springframework.test.context.support.DirtiesContextTestExecutionListener@3549bca9, org.springframework.test.context.transaction.TransactionalTestExecutionListener@4f25b795, org.springframework.test.context.jdbc.SqlScriptsTestExecutionListener@6fb365ed, org.springframework.boot.test.mock.mockito.ResetMocksTestExecutionListener@6e950bcf, org.springframework.boot.test.autoconfigure.restdocs.RestDocsTestExecutionListener@16414e40, org.springframework.boot.test.autoconfigure.web.client.MockRestServiceServerResetTestExecutionListener@74bada02, org.springframework.boot.test.autoconfigure.web.servlet.MockMvcPrintOnlyOnFailureTestExecutionListener@525575, org.springframework.boot.test.autoconfigure.web.servlet.WebDriverTestExecutionListener@46dffdc3]
2021-04-14 16:45:28.321 [main] INFO  AnlyTestApplication -Starting AnlyTestApplication on DESKTOP-ANC07SR with PID 11756 (started by 24501 in F:\my\shiro-demo)
2021-04-14 16:45:28.323 [main] INFO  AnlyTestApplication -No active profile set, falling back to default profiles: default
2021-04-14 16:45:32.708 [main] INFO  c.alibaba.druid.pool.DruidDataSource -{dataSource-1} inited
2021-04-14 16:45:39.784 [main] INFO  AnlyTestApplication -Started AnlyTestApplication in 12.625 seconds (JVM running for 15.195)
2021-04-14 16:46:14.954 [Thread-4] INFO  c.alibaba.druid.pool.DruidDataSource -{dataSource-1} closed
2021-04-14 16:46:56.014 [main] INFO  o.s.b.t.c.SpringBootTestContextBootstrapper -Neither @ContextConfiguration nor @ContextHierarchy found for test class [AnlyTestApplication], using SpringBootContextLoader
2021-04-14 16:46:56.036 [main] INFO  o.s.t.c.s.AbstractContextLoader -Could not detect default resource locations for test class [AnlyTestApplication]: no resource found for suffixes {-context.xml, Context.groovy}.
2021-04-14 16:46:56.589 [main] INFO  o.s.b.t.c.SpringBootTestContextBootstrapper -Loaded default TestExecutionListener class names from location [META-INF/spring.factories]: [org.springframework.boot.test.mock.mockito.MockitoTestExecutionListener, org.springframework.boot.test.mock.mockito.ResetMocksTestExecutionListener, org.springframework.boot.test.autoconfigure.restdocs.RestDocsTestExecutionListener, org.springframework.boot.test.autoconfigure.web.client.MockRestServiceServerResetTestExecutionListener, org.springframework.boot.test.autoconfigure.web.servlet.MockMvcPrintOnlyOnFailureTestExecutionListener, org.springframework.boot.test.autoconfigure.web.servlet.WebDriverTestExecutionListener, org.springframework.test.context.web.ServletTestExecutionListener, org.springframework.test.context.support.DirtiesContextBeforeModesTestExecutionListener, org.springframework.test.context.support.DependencyInjectionTestExecutionListener, org.springframework.test.context.support.DirtiesContextTestExecutionListener, org.springframework.test.context.transaction.TransactionalTestExecutionListener, org.springframework.test.context.jdbc.SqlScriptsTestExecutionListener]
2021-04-14 16:46:56.656 [main] INFO  o.s.b.t.c.SpringBootTestContextBootstrapper -Using TestExecutionListeners: [org.springframework.test.context.web.ServletTestExecutionListener@5b1ebf56, org.springframework.test.context.support.DirtiesContextBeforeModesTestExecutionListener@294a6b8e, org.springframework.boot.test.mock.mockito.MockitoTestExecutionListener@4b1d6571, org.springframework.boot.test.autoconfigure.SpringBootDependencyInjectionTestExecutionListener@1b835480, org.springframework.test.context.support.DirtiesContextTestExecutionListener@3549bca9, org.springframework.test.context.transaction.TransactionalTestExecutionListener@4f25b795, org.springframework.test.context.jdbc.SqlScriptsTestExecutionListener@6fb365ed, org.springframework.boot.test.mock.mockito.ResetMocksTestExecutionListener@6e950bcf, org.springframework.boot.test.autoconfigure.restdocs.RestDocsTestExecutionListener@16414e40, org.springframework.boot.test.autoconfigure.web.client.MockRestServiceServerResetTestExecutionListener@74bada02, org.springframework.boot.test.autoconfigure.web.servlet.MockMvcPrintOnlyOnFailureTestExecutionListener@525575, org.springframework.boot.test.autoconfigure.web.servlet.WebDriverTestExecutionListener@46dffdc3]
2021-04-14 16:46:58.020 [main] INFO  AnlyTestApplication -Starting AnlyTestApplication on DESKTOP-ANC07SR with PID 17200 (started by 24501 in F:\my\shiro-demo)
2021-04-14 16:46:58.021 [main] INFO  AnlyTestApplication -No active profile set, falling back to default profiles: default
2021-04-14 16:47:02.326 [main] INFO  c.alibaba.druid.pool.DruidDataSource -{dataSource-1} inited
2021-04-14 16:47:09.222 [main] INFO  AnlyTestApplication -Started AnlyTestApplication in 12.368 seconds (JVM running for 14.806)
2021-04-14 16:47:24.266 [Thread-4] INFO  c.alibaba.druid.pool.DruidDataSource -{dataSource-1} closed
2021-04-14 16:47:47.227 [main] INFO  o.s.b.t.c.SpringBootTestContextBootstrapper -Neither @ContextConfiguration nor @ContextHierarchy found for test class [AnlyTestApplication], using SpringBootContextLoader
2021-04-14 16:47:47.251 [main] INFO  o.s.t.c.s.AbstractContextLoader -Could not detect default resource locations for test class [AnlyTestApplication]: no resource found for suffixes {-context.xml, Context.groovy}.
2021-04-14 16:47:47.829 [main] INFO  o.s.b.t.c.SpringBootTestContextBootstrapper -Loaded default TestExecutionListener class names from location [META-INF/spring.factories]: [org.springframework.boot.test.mock.mockito.MockitoTestExecutionListener, org.springframework.boot.test.mock.mockito.ResetMocksTestExecutionListener, org.springframework.boot.test.autoconfigure.restdocs.RestDocsTestExecutionListener, org.springframework.boot.test.autoconfigure.web.client.MockRestServiceServerResetTestExecutionListener, org.springframework.boot.test.autoconfigure.web.servlet.MockMvcPrintOnlyOnFailureTestExecutionListener, org.springframework.boot.test.autoconfigure.web.servlet.WebDriverTestExecutionListener, org.springframework.test.context.web.ServletTestExecutionListener, org.springframework.test.context.support.DirtiesContextBeforeModesTestExecutionListener, org.springframework.test.context.support.DependencyInjectionTestExecutionListener, org.springframework.test.context.support.DirtiesContextTestExecutionListener, org.springframework.test.context.transaction.TransactionalTestExecutionListener, org.springframework.test.context.jdbc.SqlScriptsTestExecutionListener]
2021-04-14 16:47:47.886 [main] INFO  o.s.b.t.c.SpringBootTestContextBootstrapper -Using TestExecutionListeners: [org.springframework.test.context.web.ServletTestExecutionListener@294a6b8e, org.springframework.test.context.support.DirtiesContextBeforeModesTestExecutionListener@4b1d6571, org.springframework.boot.test.mock.mockito.MockitoTestExecutionListener@1b835480, org.springframework.boot.test.autoconfigure.SpringBootDependencyInjectionTestExecutionListener@3549bca9, org.springframework.test.context.support.DirtiesContextTestExecutionListener@4f25b795, org.springframework.test.context.transaction.TransactionalTestExecutionListener@6fb365ed, org.springframework.test.context.jdbc.SqlScriptsTestExecutionListener@6e950bcf, org.springframework.boot.test.mock.mockito.ResetMocksTestExecutionListener@16414e40, org.springframework.boot.test.autoconfigure.restdocs.RestDocsTestExecutionListener@74bada02, org.springframework.boot.test.autoconfigure.web.client.MockRestServiceServerResetTestExecutionListener@525575, org.springframework.boot.test.autoconfigure.web.servlet.MockMvcPrintOnlyOnFailureTestExecutionListener@46dffdc3, org.springframework.boot.test.autoconfigure.web.servlet.WebDriverTestExecutionListener@5a709816]
2021-04-14 16:47:49.199 [main] INFO  AnlyTestApplication -Starting AnlyTestApplication on DESKTOP-ANC07SR with PID 3144 (started by 24501 in F:\my\shiro-demo)
2021-04-14 16:47:49.200 [main] INFO  AnlyTestApplication -No active profile set, falling back to default profiles: default
2021-04-14 16:47:53.550 [main] INFO  c.alibaba.druid.pool.DruidDataSource -{dataSource-1} inited
2021-04-14 16:48:00.533 [main] INFO  AnlyTestApplication -Started AnlyTestApplication in 12.452 seconds (JVM running for 14.973)
2021-04-14 16:48:21.169 [Thread-4] INFO  c.alibaba.druid.pool.DruidDataSource -{dataSource-1} closed
2021-04-14 16:48:49.441 [main] INFO  o.s.b.t.c.SpringBootTestContextBootstrapper -Neither @ContextConfiguration nor @ContextHierarchy found for test class [AnlyTestApplication], using SpringBootContextLoader
2021-04-14 16:48:49.464 [main] INFO  o.s.t.c.s.AbstractContextLoader -Could not detect default resource locations for test class [AnlyTestApplication]: no resource found for suffixes {-context.xml, Context.groovy}.
2021-04-14 16:48:50.014 [main] INFO  o.s.b.t.c.SpringBootTestContextBootstrapper -Loaded default TestExecutionListener class names from location [META-INF/spring.factories]: [org.springframework.boot.test.mock.mockito.MockitoTestExecutionListener, org.springframework.boot.test.mock.mockito.ResetMocksTestExecutionListener, org.springframework.boot.test.autoconfigure.restdocs.RestDocsTestExecutionListener, org.springframework.boot.test.autoconfigure.web.client.MockRestServiceServerResetTestExecutionListener, org.springframework.boot.test.autoconfigure.web.servlet.MockMvcPrintOnlyOnFailureTestExecutionListener, org.springframework.boot.test.autoconfigure.web.servlet.WebDriverTestExecutionListener, org.springframework.test.context.web.ServletTestExecutionListener, org.springframework.test.context.support.DirtiesContextBeforeModesTestExecutionListener, org.springframework.test.context.support.DependencyInjectionTestExecutionListener, org.springframework.test.context.support.DirtiesContextTestExecutionListener, org.springframework.test.context.transaction.TransactionalTestExecutionListener, org.springframework.test.context.jdbc.SqlScriptsTestExecutionListener]
2021-04-14 16:48:50.075 [main] INFO  o.s.b.t.c.SpringBootTestContextBootstrapper -Using TestExecutionListeners: [org.springframework.test.context.web.ServletTestExecutionListener@5b1ebf56, org.springframework.test.context.support.DirtiesContextBeforeModesTestExecutionListener@294a6b8e, org.springframework.boot.test.mock.mockito.MockitoTestExecutionListener@4b1d6571, org.springframework.boot.test.autoconfigure.SpringBootDependencyInjectionTestExecutionListener@1b835480, org.springframework.test.context.support.DirtiesContextTestExecutionListener@3549bca9, org.springframework.test.context.transaction.TransactionalTestExecutionListener@4f25b795, org.springframework.test.context.jdbc.SqlScriptsTestExecutionListener@6fb365ed, org.springframework.boot.test.mock.mockito.ResetMocksTestExecutionListener@6e950bcf, org.springframework.boot.test.autoconfigure.restdocs.RestDocsTestExecutionListener@16414e40, org.springframework.boot.test.autoconfigure.web.client.MockRestServiceServerResetTestExecutionListener@74bada02, org.springframework.boot.test.autoconfigure.web.servlet.MockMvcPrintOnlyOnFailureTestExecutionListener@525575, org.springframework.boot.test.autoconfigure.web.servlet.WebDriverTestExecutionListener@46dffdc3]
2021-04-14 16:48:51.460 [main] INFO  AnlyTestApplication -Starting AnlyTestApplication on DESKTOP-ANC07SR with PID 12268 (started by 24501 in F:\my\shiro-demo)
2021-04-14 16:48:51.461 [main] INFO  AnlyTestApplication -No active profile set, falling back to default profiles: default
2021-04-14 16:48:55.724 [main] INFO  c.alibaba.druid.pool.DruidDataSource -{dataSource-1} inited
2021-04-14 16:49:02.801 [main] INFO  AnlyTestApplication -Started AnlyTestApplication in 12.51 seconds (JVM running for 15.033)
2021-04-14 16:49:10.451 [main] INFO  AnlyTestApplication -代码生成成功!
2021-04-14 16:49:10.490 [Thread-4] INFO  c.alibaba.druid.pool.DruidDataSource -{dataSource-1} closed
2021-04-14 17:02:01.550 [Thread-35] INFO  c.alibaba.druid.pool.DruidDataSource -{dataSource-2} closed
2021-04-14 17:05:31.108 [restartedMain] INFO  top.anly.ShiroDemoApplication -Starting ShiroDemoApplication on DESKTOP-ANC07SR with PID 10284 (F:\my\shiro-demo\target\classes started by 24501 in F:\my\shiro-demo)
2021-04-14 17:05:31.117 [restartedMain] INFO  top.anly.ShiroDemoApplication -No active profile set, falling back to default profiles: default
2021-04-14 17:05:31.312 [restartedMain] INFO  o.s.b.d.e.DevToolsPropertyDefaultsPostProcessor -Devtools property defaults active! Set 'spring.devtools.add-properties' to 'false' to disable
2021-04-14 17:05:31.313 [restartedMain] INFO  o.s.b.d.e.DevToolsPropertyDefaultsPostProcessor -For additional web related logging consider setting the 'logging.level.web' property to 'DEBUG'
2021-04-14 17:05:35.208 [restartedMain] INFO  o.s.b.w.e.tomcat.TomcatWebServer -Tomcat initialized with port(s): 8888 (http)
2021-04-14 17:05:35.246 [restartedMain] INFO  o.a.catalina.core.StandardService -Starting service [Tomcat]
2021-04-14 17:05:35.246 [restartedMain] INFO  o.a.catalina.core.StandardEngine -Starting Servlet engine: [Apache Tomcat/9.0.16]
2021-04-14 17:05:35.263 [restartedMain] INFO  o.a.c.core.AprLifecycleListener -The APR based Apache Tomcat Native library which allows optimal performance in production environments was not found on the java.library.path: [G:\jdk1.8.0_192\bin;C:\Windows\Sun\Java\bin;C:\Windows\system32;C:\Windows;G:\python;C:\Windows\system32;C:\Windows;C:\Windows\System32\Wbem;C:\Windows\System32\WindowsPowerShell\v1.0\;C:\Windows\System32\OpenSSH\;G:\jdk1.8.0_192\bin;G:\jdk1.8.0_192\jre\bin;G:\Git\cmd;G:\Git\bin;G:\Git\mingw64\libexec\git-core;G:\nodejs\;C:\Program Files\nodejs\node_global;G:\maven\apache-maven-3.6.3\bin;G:\gradle-6.5.1\bin;G:\redis\;G:\aithinker\directory\AiThinkerIDE_V1.5.2\msys32\mingw32\bin;G:\aithinker\directory\AiThinkerIDE_V1.5.2\msys32\opt\esp32\xtensa-esp32-elf-5.0\bin;G:\aithinker\directory\AiThinkerIDE_V1.5.2\msys32\opt\esp8266\v5.2.0_for_3.0\bin;G:\aithinker\directory\AiThinkerIDE_V1.5.2\msys32\usr\bin;;C:\Program Files (x86)\NVIDIA Corporation\PhysX\Common;C:\Users\24501\AppData\Local\Microsoft\WindowsApps;;G:\Microsoft VS Code\bin;C:\Users\24501\AppData\Roaming\npm;G:\fiddler;.]
2021-04-14 17:05:35.523 [restartedMain] INFO  o.a.c.c.C.[Tomcat].[localhost].[/] -Initializing Spring embedded WebApplicationContext
2021-04-14 17:05:35.523 [restartedMain] INFO  o.s.web.context.ContextLoader -Root WebApplicationContext: initialization completed in 4210 ms
2021-04-14 17:05:36.283 [restartedMain] INFO  c.alibaba.druid.pool.DruidDataSource -{dataSource-1} inited
2021-04-14 17:05:39.455 [restartedMain] INFO  o.s.b.w.e.tomcat.TomcatWebServer -Tomcat started on port(s): 8888 (http) with context path ''
2021-04-14 17:05:39.463 [restartedMain] INFO  top.anly.ShiroDemoApplication -Started ShiroDemoApplication in 9.461 seconds (JVM running for 11.449)
2021-04-14 17:06:24.976 [Thread-26] INFO  c.alibaba.druid.pool.DruidDataSource -{dataSource-1} closed
2021-04-14 17:06:32.796 [restartedMain] INFO  top.anly.ShiroDemoApplication -Starting ShiroDemoApplication on DESKTOP-ANC07SR with PID 11388 (F:\my\shiro-demo\target\classes started by 24501 in F:\my\shiro-demo)
2021-04-14 17:06:32.805 [restartedMain] INFO  top.anly.ShiroDemoApplication -No active profile set, falling back to default profiles: default
2021-04-14 17:06:32.964 [restartedMain] INFO  o.s.b.d.e.DevToolsPropertyDefaultsPostProcessor -Devtools property defaults active! Set 'spring.devtools.add-properties' to 'false' to disable
2021-04-14 17:06:32.964 [restartedMain] INFO  o.s.b.d.e.DevToolsPropertyDefaultsPostProcessor -For additional web related logging consider setting the 'logging.level.web' property to 'DEBUG'
2021-04-14 17:06:36.397 [restartedMain] INFO  o.s.b.w.e.tomcat.TomcatWebServer -Tomcat initialized with port(s): 8888 (http)
2021-04-14 17:06:36.435 [restartedMain] INFO  o.a.catalina.core.StandardService -Starting service [Tomcat]
2021-04-14 17:06:36.436 [restartedMain] INFO  o.a.catalina.core.StandardEngine -Starting Servlet engine: [Apache Tomcat/9.0.16]
2021-04-14 17:06:36.453 [restartedMain] INFO  o.a.c.core.AprLifecycleListener -The APR based Apache Tomcat Native library which allows optimal performance in production environments was not found on the java.library.path: [G:\jdk1.8.0_192\bin;C:\Windows\Sun\Java\bin;C:\Windows\system32;C:\Windows;G:\python;C:\Windows\system32;C:\Windows;C:\Windows\System32\Wbem;C:\Windows\System32\WindowsPowerShell\v1.0\;C:\Windows\System32\OpenSSH\;G:\jdk1.8.0_192\bin;G:\jdk1.8.0_192\jre\bin;G:\Git\cmd;G:\Git\bin;G:\Git\mingw64\libexec\git-core;G:\nodejs\;C:\Program Files\nodejs\node_global;G:\maven\apache-maven-3.6.3\bin;G:\gradle-6.5.1\bin;G:\redis\;G:\aithinker\directory\AiThinkerIDE_V1.5.2\msys32\mingw32\bin;G:\aithinker\directory\AiThinkerIDE_V1.5.2\msys32\opt\esp32\xtensa-esp32-elf-5.0\bin;G:\aithinker\directory\AiThinkerIDE_V1.5.2\msys32\opt\esp8266\v5.2.0_for_3.0\bin;G:\aithinker\directory\AiThinkerIDE_V1.5.2\msys32\usr\bin;;C:\Program Files (x86)\NVIDIA Corporation\PhysX\Common;C:\Users\24501\AppData\Local\Microsoft\WindowsApps;;G:\Microsoft VS Code\bin;C:\Users\24501\AppData\Roaming\npm;G:\fiddler;.]
2021-04-14 17:06:36.702 [restartedMain] INFO  o.a.c.c.C.[Tomcat].[localhost].[/] -Initializing Spring embedded WebApplicationContext
2021-04-14 17:06:36.703 [restartedMain] INFO  o.s.web.context.ContextLoader -Root WebApplicationContext: initialization completed in 3739 ms
2021-04-14 17:06:37.483 [restartedMain] INFO  c.alibaba.druid.pool.DruidDataSource -{dataSource-1} inited
2021-04-14 17:06:39.456 [restartedMain] INFO  o.s.b.w.e.tomcat.TomcatWebServer -Tomcat started on port(s): 8888 (http) with context path ''
2021-04-14 17:06:39.463 [restartedMain] INFO  top.anly.ShiroDemoApplication -Started ShiroDemoApplication in 7.761 seconds (JVM running for 9.661)
2021-04-14 17:07:41.339 [http-nio-8888-exec-1] INFO  o.a.c.c.C.[Tomcat].[localhost].[/] -Initializing Spring DispatcherServlet 'dispatcherServlet'
2021-04-14 17:07:41.340 [http-nio-8888-exec-1] INFO  o.s.web.servlet.DispatcherServlet -Initializing Servlet 'dispatcherServlet'
2021-04-14 17:07:41.364 [http-nio-8888-exec-1] INFO  o.s.web.servlet.DispatcherServlet -Completed initialization in 24 ms
2021-04-14 17:12:25.745 [Thread-3] INFO  c.alibaba.druid.pool.DruidDataSource -{dataSource-1} closed
2021-04-14 17:12:36.432 [restartedMain] INFO  top.anly.ShiroDemoApplication -Starting ShiroDemoApplication on DESKTOP-ANC07SR with PID 6212 (F:\my\shiro-demo\target\classes started by 24501 in F:\my\shiro-demo)
2021-04-14 17:12:36.441 [restartedMain] INFO  top.anly.ShiroDemoApplication -No active profile set, falling back to default profiles: default
2021-04-14 17:12:36.606 [restartedMain] INFO  o.s.b.d.e.DevToolsPropertyDefaultsPostProcessor -Devtools property defaults active! Set 'spring.devtools.add-properties' to 'false' to disable
2021-04-14 17:12:36.607 [restartedMain] INFO  o.s.b.d.e.DevToolsPropertyDefaultsPostProcessor -For additional web related logging consider setting the 'logging.level.web' property to 'DEBUG'
2021-04-14 17:12:40.634 [restartedMain] INFO  o.s.b.w.e.tomcat.TomcatWebServer -Tomcat initialized with port(s): 8888 (http)
2021-04-14 17:12:40.685 [restartedMain] INFO  o.a.catalina.core.StandardService -Starting service [Tomcat]
2021-04-14 17:12:40.685 [restartedMain] INFO  o.a.catalina.core.StandardEngine -Starting Servlet engine: [Apache Tomcat/9.0.16]
2021-04-14 17:12:40.706 [restartedMain] INFO  o.a.c.core.AprLifecycleListener -The APR based Apache Tomcat Native library which allows optimal performance in production environments was not found on the java.library.path: [G:\jdk1.8.0_192\bin;C:\Windows\Sun\Java\bin;C:\Windows\system32;C:\Windows;G:\python;C:\Windows\system32;C:\Windows;C:\Windows\System32\Wbem;C:\Windows\System32\WindowsPowerShell\v1.0\;C:\Windows\System32\OpenSSH\;G:\jdk1.8.0_192\bin;G:\jdk1.8.0_192\jre\bin;G:\Git\cmd;G:\Git\bin;G:\Git\mingw64\libexec\git-core;G:\nodejs\;C:\Program Files\nodejs\node_global;G:\maven\apache-maven-3.6.3\bin;G:\gradle-6.5.1\bin;G:\redis\;G:\aithinker\directory\AiThinkerIDE_V1.5.2\msys32\mingw32\bin;G:\aithinker\directory\AiThinkerIDE_V1.5.2\msys32\opt\esp32\xtensa-esp32-elf-5.0\bin;G:\aithinker\directory\AiThinkerIDE_V1.5.2\msys32\opt\esp8266\v5.2.0_for_3.0\bin;G:\aithinker\directory\AiThinkerIDE_V1.5.2\msys32\usr\bin;;C:\Program Files (x86)\NVIDIA Corporation\PhysX\Common;C:\Users\24501\AppData\Local\Microsoft\WindowsApps;;G:\Microsoft VS Code\bin;C:\Users\24501\AppData\Roaming\npm;G:\fiddler;.]
2021-04-14 17:12:40.989 [restartedMain] INFO  o.a.c.c.C.[Tomcat].[localhost].[/] -Initializing Spring embedded WebApplicationContext
2021-04-14 17:12:40.990 [restartedMain] INFO  o.s.web.context.ContextLoader -Root WebApplicationContext: initialization completed in 4383 ms
2021-04-14 17:12:41.845 [restartedMain] INFO  c.alibaba.druid.pool.DruidDataSource -{dataSource-1} inited
2021-04-14 17:12:45.065 [restartedMain] INFO  o.s.b.w.e.tomcat.TomcatWebServer -Tomcat started on port(s): 8888 (http) with context path ''
2021-04-14 17:12:45.072 [restartedMain] INFO  top.anly.ShiroDemoApplication -Started ShiroDemoApplication in 9.846 seconds (JVM running for 12.552)
2021-04-14 17:13:11.646 [http-nio-8888-exec-1] INFO  o.a.c.c.C.[Tomcat].[localhost].[/] -Initializing Spring DispatcherServlet 'dispatcherServlet'
2021-04-14 17:13:11.647 [http-nio-8888-exec-1] INFO  o.s.web.servlet.DispatcherServlet -Initializing Servlet 'dispatcherServlet'
2021-04-14 17:13:11.667 [http-nio-8888-exec-1] INFO  o.s.web.servlet.DispatcherServlet -Completed initialization in 20 ms
2021-04-14 17:18:58.295 [Thread-28] INFO  c.alibaba.druid.pool.DruidDataSource -{dataSource-1} closed
2021-04-14 17:19:06.384 [restartedMain] INFO  top.anly.ShiroDemoApplication -Starting ShiroDemoApplication on DESKTOP-ANC07SR with PID 18324 (F:\my\shiro-demo\target\classes started by 24501 in F:\my\shiro-demo)
2021-04-14 17:19:06.394 [restartedMain] INFO  top.anly.ShiroDemoApplication -No active profile set, falling back to default profiles: default
2021-04-14 17:19:06.559 [restartedMain] INFO  o.s.b.d.e.DevToolsPropertyDefaultsPostProcessor -Devtools property defaults active! Set 'spring.devtools.add-properties' to 'false' to disable
2021-04-14 17:19:06.560 [restartedMain] INFO  o.s.b.d.e.DevToolsPropertyDefaultsPostProcessor -For additional web related logging consider setting the 'logging.level.web' property to 'DEBUG'
2021-04-14 17:19:10.416 [restartedMain] INFO  o.s.b.w.e.tomcat.TomcatWebServer -Tomcat initialized with port(s): 8888 (http)
2021-04-14 17:19:10.465 [restartedMain] INFO  o.a.catalina.core.StandardService -Starting service [Tomcat]
2021-04-14 17:19:10.466 [restartedMain] INFO  o.a.catalina.core.StandardEngine -Starting Servlet engine: [Apache Tomcat/9.0.16]
2021-04-14 17:19:10.483 [restartedMain] INFO  o.a.c.core.AprLifecycleListener -The APR based Apache Tomcat Native library which allows optimal performance in production environments was not found on the java.library.path: [G:\jdk1.8.0_192\bin;C:\Windows\Sun\Java\bin;C:\Windows\system32;C:\Windows;G:\python;C:\Windows\system32;C:\Windows;C:\Windows\System32\Wbem;C:\Windows\System32\WindowsPowerShell\v1.0\;C:\Windows\System32\OpenSSH\;G:\jdk1.8.0_192\bin;G:\jdk1.8.0_192\jre\bin;G:\Git\cmd;G:\Git\bin;G:\Git\mingw64\libexec\git-core;G:\nodejs\;C:\Program Files\nodejs\node_global;G:\maven\apache-maven-3.6.3\bin;G:\gradle-6.5.1\bin;G:\redis\;G:\aithinker\directory\AiThinkerIDE_V1.5.2\msys32\mingw32\bin;G:\aithinker\directory\AiThinkerIDE_V1.5.2\msys32\opt\esp32\xtensa-esp32-elf-5.0\bin;G:\aithinker\directory\AiThinkerIDE_V1.5.2\msys32\opt\esp8266\v5.2.0_for_3.0\bin;G:\aithinker\directory\AiThinkerIDE_V1.5.2\msys32\usr\bin;;C:\Program Files (x86)\NVIDIA Corporation\PhysX\Common;C:\Users\24501\AppData\Local\Microsoft\WindowsApps;;G:\Microsoft VS Code\bin;C:\Users\24501\AppData\Roaming\npm;G:\fiddler;.]
2021-04-14 17:19:10.776 [restartedMain] INFO  o.a.c.c.C.[Tomcat].[localhost].[/] -Initializing Spring embedded WebApplicationContext
2021-04-14 17:19:10.776 [restartedMain] INFO  o.s.web.context.ContextLoader -Root WebApplicationContext: initialization completed in 4216 ms
2021-04-14 17:19:11.563 [restartedMain] INFO  c.alibaba.druid.pool.DruidDataSource -{dataSource-1} inited
2021-04-14 17:19:15.754 [restartedMain] INFO  o.s.b.w.e.tomcat.TomcatWebServer -Tomcat started on port(s): 8888 (http) with context path ''
2021-04-14 17:19:15.762 [restartedMain] INFO  top.anly.ShiroDemoApplication -Started ShiroDemoApplication in 10.553 seconds (JVM running for 12.497)
2021-04-14 17:20:24.929 [http-nio-8888-exec-1] INFO  o.a.c.c.C.[Tomcat].[localhost].[/] -Initializing Spring DispatcherServlet 'dispatcherServlet'
2021-04-14 17:20:24.930 [http-nio-8888-exec-1] INFO  o.s.web.servlet.DispatcherServlet -Initializing Servlet 'dispatcherServlet'
2021-04-14 17:20:24.947 [http-nio-8888-exec-1] INFO  o.s.web.servlet.DispatcherServlet -Completed initialization in 17 ms
2021-04-14 17:23:54.992 [Thread-29] INFO  c.alibaba.druid.pool.DruidDataSource -{dataSource-1} closed
2021-04-14 17:24:03.529 [restartedMain] INFO  top.anly.ShiroDemoApplication -Starting ShiroDemoApplication on DESKTOP-ANC07SR with PID 12464 (F:\my\shiro-demo\target\classes started by 24501 in F:\my\shiro-demo)
2021-04-14 17:24:03.538 [restartedMain] INFO  top.anly.ShiroDemoApplication -No active profile set, falling back to default profiles: default
2021-04-14 17:24:03.706 [restartedMain] INFO  o.s.b.d.e.DevToolsPropertyDefaultsPostProcessor -Devtools property defaults active! Set 'spring.devtools.add-properties' to 'false' to disable
2021-04-14 17:24:03.706 [restartedMain] INFO  o.s.b.d.e.DevToolsPropertyDefaultsPostProcessor -For additional web related logging consider setting the 'logging.level.web' property to 'DEBUG'
2021-04-14 17:24:07.432 [restartedMain] INFO  o.s.b.w.e.tomcat.TomcatWebServer -Tomcat initialized with port(s): 8888 (http)
2021-04-14 17:24:07.473 [restartedMain] INFO  o.a.catalina.core.StandardService -Starting service [Tomcat]
2021-04-14 17:24:07.473 [restartedMain] INFO  o.a.catalina.core.StandardEngine -Starting Servlet engine: [Apache Tomcat/9.0.16]
2021-04-14 17:24:07.491 [restartedMain] INFO  o.a.c.core.AprLifecycleListener -The APR based Apache Tomcat Native library which allows optimal performance in production environments was not found on the java.library.path: [G:\jdk1.8.0_192\bin;C:\Windows\Sun\Java\bin;C:\Windows\system32;C:\Windows;G:\python;C:\Windows\system32;C:\Windows;C:\Windows\System32\Wbem;C:\Windows\System32\WindowsPowerShell\v1.0\;C:\Windows\System32\OpenSSH\;G:\jdk1.8.0_192\bin;G:\jdk1.8.0_192\jre\bin;G:\Git\cmd;G:\Git\bin;G:\Git\mingw64\libexec\git-core;G:\nodejs\;C:\Program Files\nodejs\node_global;G:\maven\apache-maven-3.6.3\bin;G:\gradle-6.5.1\bin;G:\redis\;G:\aithinker\directory\AiThinkerIDE_V1.5.2\msys32\mingw32\bin;G:\aithinker\directory\AiThinkerIDE_V1.5.2\msys32\opt\esp32\xtensa-esp32-elf-5.0\bin;G:\aithinker\directory\AiThinkerIDE_V1.5.2\msys32\opt\esp8266\v5.2.0_for_3.0\bin;G:\aithinker\directory\AiThinkerIDE_V1.5.2\msys32\usr\bin;;C:\Program Files (x86)\NVIDIA Corporation\PhysX\Common;C:\Users\24501\AppData\Local\Microsoft\WindowsApps;;G:\Microsoft VS Code\bin;C:\Users\24501\AppData\Roaming\npm;G:\fiddler;.]
2021-04-14 17:24:07.767 [restartedMain] INFO  o.a.c.c.C.[Tomcat].[localhost].[/] -Initializing Spring embedded WebApplicationContext
2021-04-14 17:24:07.767 [restartedMain] INFO  o.s.web.context.ContextLoader -Root WebApplicationContext: initialization completed in 4061 ms
2021-04-14 17:24:08.696 [restartedMain] INFO  c.alibaba.druid.pool.DruidDataSource -{dataSource-1} inited
2021-04-14 17:24:11.825 [restartedMain] INFO  o.s.b.w.e.tomcat.TomcatWebServer -Tomcat started on port(s): 8888 (http) with context path ''
2021-04-14 17:24:11.832 [restartedMain] INFO  top.anly.ShiroDemoApplication -Started ShiroDemoApplication in 9.458 seconds (JVM running for 11.374)
2021-04-14 17:24:30.708 [http-nio-8888-exec-2] INFO  o.a.c.c.C.[Tomcat].[localhost].[/] -Initializing Spring DispatcherServlet 'dispatcherServlet'
2021-04-14 17:24:30.709 [http-nio-8888-exec-2] INFO  o.s.web.servlet.DispatcherServlet -Initializing Servlet 'dispatcherServlet'
2021-04-14 17:24:30.731 [http-nio-8888-exec-2] INFO  o.s.web.servlet.DispatcherServlet -Completed initialization in 22 ms
2021-04-14 17:25:13.935 [Thread-26] INFO  c.alibaba.druid.pool.DruidDataSource -{dataSource-1} closed
2021-04-14 17:25:19.202 [restartedMain] INFO  top.anly.ShiroDemoApplication -Starting ShiroDemoApplication on DESKTOP-ANC07SR with PID 11348 (F:\my\shiro-demo\target\classes started by 24501 in F:\my\shiro-demo)
2021-04-14 17:25:19.210 [restartedMain] INFO  top.anly.ShiroDemoApplication -No active profile set, falling back to default profiles: default
2021-04-14 17:25:19.374 [restartedMain] INFO  o.s.b.d.e.DevToolsPropertyDefaultsPostProcessor -Devtools property defaults active! Set 'spring.devtools.add-properties' to 'false' to disable
2021-04-14 17:25:19.374 [restartedMain] INFO  o.s.b.d.e.DevToolsPropertyDefaultsPostProcessor -For additional web related logging consider setting the 'logging.level.web' property to 'DEBUG'
2021-04-14 17:25:22.792 [restartedMain] INFO  o.s.b.w.e.tomcat.TomcatWebServer -Tomcat initialized with port(s): 8106 (http)
2021-04-14 17:25:22.829 [restartedMain] INFO  o.a.catalina.core.StandardService -Starting service [Tomcat]
2021-04-14 17:25:22.829 [restartedMain] INFO  o.a.catalina.core.StandardEngine -Starting Servlet engine: [Apache Tomcat/9.0.16]
2021-04-14 17:25:22.847 [restartedMain] INFO  o.a.c.core.AprLifecycleListener -The APR based Apache Tomcat Native library which allows optimal performance in production environments was not found on the java.library.path: [G:\jdk1.8.0_192\bin;C:\Windows\Sun\Java\bin;C:\Windows\system32;C:\Windows;G:\python;C:\Windows\system32;C:\Windows;C:\Windows\System32\Wbem;C:\Windows\System32\WindowsPowerShell\v1.0\;C:\Windows\System32\OpenSSH\;G:\jdk1.8.0_192\bin;G:\jdk1.8.0_192\jre\bin;G:\Git\cmd;G:\Git\bin;G:\Git\mingw64\libexec\git-core;G:\nodejs\;C:\Program Files\nodejs\node_global;G:\maven\apache-maven-3.6.3\bin;G:\gradle-6.5.1\bin;G:\redis\;G:\aithinker\directory\AiThinkerIDE_V1.5.2\msys32\mingw32\bin;G:\aithinker\directory\AiThinkerIDE_V1.5.2\msys32\opt\esp32\xtensa-esp32-elf-5.0\bin;G:\aithinker\directory\AiThinkerIDE_V1.5.2\msys32\opt\esp8266\v5.2.0_for_3.0\bin;G:\aithinker\directory\AiThinkerIDE_V1.5.2\msys32\usr\bin;;C:\Program Files (x86)\NVIDIA Corporation\PhysX\Common;C:\Users\24501\AppData\Local\Microsoft\WindowsApps;;G:\Microsoft VS Code\bin;C:\Users\24501\AppData\Roaming\npm;G:\fiddler;.]
2021-04-14 17:25:23.101 [restartedMain] INFO  o.a.c.c.C.[Tomcat].[localhost].[/] -Initializing Spring embedded WebApplicationContext
2021-04-14 17:25:23.101 [restartedMain] INFO  o.s.web.context.ContextLoader -Root WebApplicationContext: initialization completed in 3727 ms
2021-04-14 17:25:23.806 [restartedMain] INFO  c.alibaba.druid.pool.DruidDataSource -{dataSource-1} inited
2021-04-14 17:25:25.782 [restartedMain] INFO  o.s.b.d.a.OptionalLiveReloadServer -LiveReload server is running on port 35729
2021-04-14 17:25:25.898 [restartedMain] INFO  o.s.b.w.e.tomcat.TomcatWebServer -Tomcat started on port(s): 8106 (http) with context path ''
2021-04-14 17:25:25.905 [restartedMain] INFO  top.anly.ShiroDemoApplication -Started ShiroDemoApplication in 7.797 seconds (JVM running for 9.611)
2021-04-14 17:26:06.881 [http-nio-8106-exec-1] INFO  o.a.c.c.C.[Tomcat].[localhost].[/] -Initializing Spring DispatcherServlet 'dispatcherServlet'
2021-04-14 17:26:06.882 [http-nio-8106-exec-1] INFO  o.s.web.servlet.DispatcherServlet -Initializing Servlet 'dispatcherServlet'
2021-04-14 17:26:06.902 [http-nio-8106-exec-1] INFO  o.s.web.servlet.DispatcherServlet -Completed initialization in 20 ms
2021-04-14 17:31:54.954 [Thread-26] INFO  c.alibaba.druid.pool.DruidDataSource -{dataSource-1} closed
2021-04-14 17:32:00.815 [restartedMain] INFO  top.anly.ShiroDemoApplication -Starting ShiroDemoApplication on DESKTOP-ANC07SR with PID 7276 (F:\my\shiro-demo\target\classes started by 24501 in F:\my\shiro-demo)
2021-04-14 17:32:00.824 [restartedMain] INFO  top.anly.ShiroDemoApplication -No active profile set, falling back to default profiles: default
2021-04-14 17:32:00.981 [restartedMain] INFO  o.s.b.d.e.DevToolsPropertyDefaultsPostProcessor -Devtools property defaults active! Set 'spring.devtools.add-properties' to 'false' to disable
2021-04-14 17:32:00.982 [restartedMain] INFO  o.s.b.d.e.DevToolsPropertyDefaultsPostProcessor -For additional web related logging consider setting the 'logging.level.web' property to 'DEBUG'
2021-04-14 17:32:04.522 [restartedMain] INFO  o.s.b.w.e.tomcat.TomcatWebServer -Tomcat initialized with port(s): 8106 (http)
2021-04-14 17:32:04.559 [restartedMain] INFO  o.a.catalina.core.StandardService -Starting service [Tomcat]
2021-04-14 17:32:04.560 [restartedMain] INFO  o.a.catalina.core.StandardEngine -Starting Servlet engine: [Apache Tomcat/9.0.16]
2021-04-14 17:32:04.580 [restartedMain] INFO  o.a.c.core.AprLifecycleListener -The APR based Apache Tomcat Native library which allows optimal performance in production environments was not found on the java.library.path: [G:\jdk1.8.0_192\bin;C:\Windows\Sun\Java\bin;C:\Windows\system32;C:\Windows;G:\python;C:\Windows\system32;C:\Windows;C:\Windows\System32\Wbem;C:\Windows\System32\WindowsPowerShell\v1.0\;C:\Windows\System32\OpenSSH\;G:\jdk1.8.0_192\bin;G:\jdk1.8.0_192\jre\bin;G:\Git\cmd;G:\Git\bin;G:\Git\mingw64\libexec\git-core;G:\nodejs\;C:\Program Files\nodejs\node_global;G:\maven\apache-maven-3.6.3\bin;G:\gradle-6.5.1\bin;G:\redis\;G:\aithinker\directory\AiThinkerIDE_V1.5.2\msys32\mingw32\bin;G:\aithinker\directory\AiThinkerIDE_V1.5.2\msys32\opt\esp32\xtensa-esp32-elf-5.0\bin;G:\aithinker\directory\AiThinkerIDE_V1.5.2\msys32\opt\esp8266\v5.2.0_for_3.0\bin;G:\aithinker\directory\AiThinkerIDE_V1.5.2\msys32\usr\bin;;C:\Program Files (x86)\NVIDIA Corporation\PhysX\Common;C:\Users\24501\AppData\Local\Microsoft\WindowsApps;;G:\Microsoft VS Code\bin;C:\Users\24501\AppData\Roaming\npm;G:\fiddler;.]
2021-04-14 17:32:04.873 [restartedMain] INFO  o.a.c.c.C.[Tomcat].[localhost].[/] -Initializing Spring embedded WebApplicationContext
2021-04-14 17:32:04.874 [restartedMain] INFO  o.s.web.context.ContextLoader -Root WebApplicationContext: initialization completed in 3892 ms
2021-04-14 17:32:05.663 [restartedMain] INFO  c.alibaba.druid.pool.DruidDataSource -{dataSource-1} inited
2021-04-14 17:32:07.604 [restartedMain] INFO  o.s.b.d.a.OptionalLiveReloadServer -LiveReload server is running on port 35729
2021-04-14 17:32:07.715 [restartedMain] INFO  o.s.b.w.e.tomcat.TomcatWebServer -Tomcat started on port(s): 8106 (http) with context path ''
2021-04-14 17:32:07.724 [restartedMain] INFO  top.anly.ShiroDemoApplication -Started ShiroDemoApplication in 7.998 seconds (JVM running for 9.82)
2021-04-14 17:32:16.286 [http-nio-8106-exec-2] INFO  o.a.c.c.C.[Tomcat].[localhost].[/] -Initializing Spring DispatcherServlet 'dispatcherServlet'
2021-04-14 17:32:16.287 [http-nio-8106-exec-2] INFO  o.s.web.servlet.DispatcherServlet -Initializing Servlet 'dispatcherServlet'
2021-04-14 17:32:16.302 [http-nio-8106-exec-2] INFO  o.s.web.servlet.DispatcherServlet -Completed initialization in 15 ms
2021-04-14 17:32:39.827 [Thread-26] INFO  c.alibaba.druid.pool.DruidDataSource -{dataSource-1} closed
2021-04-14 18:20:25.890 [main] INFO  o.s.b.t.c.SpringBootTestContextBootstrapper -Neither @ContextConfiguration nor @ContextHierarchy found for test class [AnlyTestApplication], using SpringBootContextLoader
2021-04-14 18:20:25.911 [main] INFO  o.s.t.c.s.AbstractContextLoader -Could not detect default resource locations for test class [AnlyTestApplication]: no resource found for suffixes {-context.xml, Context.groovy}.
2021-04-14 18:20:26.394 [main] INFO  o.s.b.t.c.SpringBootTestContextBootstrapper -Loaded default TestExecutionListener class names from location [META-INF/spring.factories]: [org.springframework.boot.test.mock.mockito.MockitoTestExecutionListener, org.springframework.boot.test.mock.mockito.ResetMocksTestExecutionListener, org.springframework.boot.test.autoconfigure.restdocs.RestDocsTestExecutionListener, org.springframework.boot.test.autoconfigure.web.client.MockRestServiceServerResetTestExecutionListener, org.springframework.boot.test.autoconfigure.web.servlet.MockMvcPrintOnlyOnFailureTestExecutionListener, org.springframework.boot.test.autoconfigure.web.servlet.WebDriverTestExecutionListener, org.springframework.test.context.web.ServletTestExecutionListener, org.springframework.test.context.support.DirtiesContextBeforeModesTestExecutionListener, org.springframework.test.context.support.DependencyInjectionTestExecutionListener, org.springframework.test.context.support.DirtiesContextTestExecutionListener, org.springframework.test.context.transaction.TransactionalTestExecutionListener, org.springframework.test.context.jdbc.SqlScriptsTestExecutionListener]
2021-04-14 18:20:26.451 [main] INFO  o.s.b.t.c.SpringBootTestContextBootstrapper -Using TestExecutionListeners: [org.springframework.test.context.web.ServletTestExecutionListener@74bada02, org.springframework.test.context.support.DirtiesContextBeforeModesTestExecutionListener@525575, org.springframework.boot.test.mock.mockito.MockitoTestExecutionListener@46dffdc3, org.springframework.boot.test.autoconfigure.SpringBootDependencyInjectionTestExecutionListener@5a709816, org.springframework.test.context.support.DirtiesContextTestExecutionListener@78383390, org.springframework.test.context.transaction.TransactionalTestExecutionListener@6ad3381f, org.springframework.test.context.jdbc.SqlScriptsTestExecutionListener@53dbe163, org.springframework.boot.test.mock.mockito.ResetMocksTestExecutionListener@db57326, org.springframework.boot.test.autoconfigure.restdocs.RestDocsTestExecutionListener@34a875b3, org.springframework.boot.test.autoconfigure.web.client.MockRestServiceServerResetTestExecutionListener@4748a0f9, org.springframework.boot.test.autoconfigure.web.servlet.MockMvcPrintOnlyOnFailureTestExecutionListener@4b14918a, org.springframework.boot.test.autoconfigure.web.servlet.WebDriverTestExecutionListener@6d1ef78d]
2021-04-14 18:20:27.680 [main] INFO  AnlyTestApplication -Starting AnlyTestApplication on DESKTOP-ANC07SR with PID 18356 (started by 24501 in F:\my\shiro-demo)
2021-04-14 18:20:27.681 [main] INFO  AnlyTestApplication -No active profile set, falling back to default profiles: default
2021-04-14 18:20:31.605 [main] INFO  c.alibaba.druid.pool.DruidDataSource -{dataSource-1} inited
2021-04-14 18:20:37.971 [main] INFO  AnlyTestApplication -Started AnlyTestApplication in 11.334 seconds (JVM running for 13.511)
2021-04-14 18:20:39.202 [Thread-4] INFO  c.alibaba.druid.pool.DruidDataSource -{dataSource-1} closed
2021-04-14 18:23:23.838 [main] INFO  o.s.b.t.c.SpringBootTestContextBootstrapper -Neither @ContextConfiguration nor @ContextHierarchy found for test class [AnlyTestApplication], using SpringBootContextLoader
2021-04-14 18:23:23.859 [main] INFO  o.s.t.c.s.AbstractContextLoader -Could not detect default resource locations for test class [AnlyTestApplication]: no resource found for suffixes {-context.xml, Context.groovy}.
2021-04-14 18:23:24.338 [main] INFO  o.s.b.t.c.SpringBootTestContextBootstrapper -Loaded default TestExecutionListener class names from location [META-INF/spring.factories]: [org.springframework.boot.test.mock.mockito.MockitoTestExecutionListener, org.springframework.boot.test.mock.mockito.ResetMocksTestExecutionListener, org.springframework.boot.test.autoconfigure.restdocs.RestDocsTestExecutionListener, org.springframework.boot.test.autoconfigure.web.client.MockRestServiceServerResetTestExecutionListener, org.springframework.boot.test.autoconfigure.web.servlet.MockMvcPrintOnlyOnFailureTestExecutionListener, org.springframework.boot.test.autoconfigure.web.servlet.WebDriverTestExecutionListener, org.springframework.test.context.web.ServletTestExecutionListener, org.springframework.test.context.support.DirtiesContextBeforeModesTestExecutionListener, org.springframework.test.context.support.DependencyInjectionTestExecutionListener, org.springframework.test.context.support.DirtiesContextTestExecutionListener, org.springframework.test.context.transaction.TransactionalTestExecutionListener, org.springframework.test.context.jdbc.SqlScriptsTestExecutionListener]
2021-04-14 18:23:24.389 [main] INFO  o.s.b.t.c.SpringBootTestContextBootstrapper -Using TestExecutionListeners: [org.springframework.test.context.web.ServletTestExecutionListener@16414e40, org.springframework.test.context.support.DirtiesContextBeforeModesTestExecutionListener@74bada02, org.springframework.boot.test.mock.mockito.MockitoTestExecutionListener@525575, org.springframework.boot.test.autoconfigure.SpringBootDependencyInjectionTestExecutionListener@46dffdc3, org.springframework.test.context.support.DirtiesContextTestExecutionListener@5a709816, org.springframework.test.context.transaction.TransactionalTestExecutionListener@78383390, org.springframework.test.context.jdbc.SqlScriptsTestExecutionListener@6ad3381f, org.springframework.boot.test.mock.mockito.ResetMocksTestExecutionListener@53dbe163, org.springframework.boot.test.autoconfigure.restdocs.RestDocsTestExecutionListener@db57326, org.springframework.boot.test.autoconfigure.web.client.MockRestServiceServerResetTestExecutionListener@34a875b3, org.springframework.boot.test.autoconfigure.web.servlet.MockMvcPrintOnlyOnFailureTestExecutionListener@4748a0f9, org.springframework.boot.test.autoconfigure.web.servlet.WebDriverTestExecutionListener@4b14918a]
2021-04-14 18:23:25.564 [main] INFO  AnlyTestApplication -Starting AnlyTestApplication on DESKTOP-ANC07SR with PID 1144 (started by 24501 in F:\my\shiro-demo)
2021-04-14 18:23:25.565 [main] INFO  AnlyTestApplication -No active profile set, falling back to default profiles: default
2021-04-14 18:23:29.236 [main] INFO  c.alibaba.druid.pool.DruidDataSource -{dataSource-1} inited
2021-04-14 18:23:35.265 [main] INFO  AnlyTestApplication -Started AnlyTestApplication in 10.714 seconds (JVM running for 12.845)
2021-04-14 18:23:36.178 [Thread-4] INFO  c.alibaba.druid.pool.DruidDataSource -{dataSource-1} closed
2021-04-14 18:24:54.125 [main] INFO  o.s.b.t.c.SpringBootTestContextBootstrapper -Neither @ContextConfiguration nor @ContextHierarchy found for test class [AnlyTestApplication], using SpringBootContextLoader
2021-04-14 18:24:54.130 [main] INFO  o.s.t.c.s.AbstractContextLoader -Could not detect default resource locations for test class [AnlyTestApplication]: no resource found for suffixes {-context.xml, Context.groovy}.
2021-04-14 18:24:54.280 [main] INFO  o.s.b.t.c.SpringBootTestContextBootstrapper -Loaded default TestExecutionListener class names from location [META-INF/spring.factories]: [org.springframework.boot.test.mock.mockito.MockitoTestExecutionListener, org.springframework.boot.test.mock.mockito.ResetMocksTestExecutionListener, org.springframework.boot.test.autoconfigure.restdocs.RestDocsTestExecutionListener, org.springframework.boot.test.autoconfigure.web.client.MockRestServiceServerResetTestExecutionListener, org.springframework.boot.test.autoconfigure.web.servlet.MockMvcPrintOnlyOnFailureTestExecutionListener, org.springframework.boot.test.autoconfigure.web.servlet.WebDriverTestExecutionListener, org.springframework.test.context.web.ServletTestExecutionListener, org.springframework.test.context.support.DirtiesContextBeforeModesTestExecutionListener, org.springframework.test.context.support.DependencyInjectionTestExecutionListener, org.springframework.test.context.support.DirtiesContextTestExecutionListener, org.springframework.test.context.transaction.TransactionalTestExecutionListener, org.springframework.test.context.jdbc.SqlScriptsTestExecutionListener]
2021-04-14 18:24:54.293 [main] INFO  o.s.b.t.c.SpringBootTestContextBootstrapper -Using TestExecutionListeners: [org.springframework.test.context.web.ServletTestExecutionListener@2e377400, org.springframework.test.context.support.DirtiesContextBeforeModesTestExecutionListener@1757cd72, org.springframework.boot.test.mock.mockito.MockitoTestExecutionListener@445b295b, org.springframework.boot.test.autoconfigure.SpringBootDependencyInjectionTestExecutionListener@49e5f737, org.springframework.test.context.support.DirtiesContextTestExecutionListener@5c671d7f, org.springframework.test.context.transaction.TransactionalTestExecutionListener@757277dc, org.springframework.test.context.jdbc.SqlScriptsTestExecutionListener@687e99d8, org.springframework.boot.test.mock.mockito.ResetMocksTestExecutionListener@e4487af, org.springframework.boot.test.autoconfigure.restdocs.RestDocsTestExecutionListener@6aaceffd, org.springframework.boot.test.autoconfigure.web.client.MockRestServiceServerResetTestExecutionListener@c86b9e3, org.springframework.boot.test.autoconfigure.web.servlet.MockMvcPrintOnlyOnFailureTestExecutionListener@10aa41f2, org.springframework.boot.test.autoconfigure.web.servlet.WebDriverTestExecutionListener@3af9c5b7]
2021-04-14 18:24:54.710 [main] INFO  AnlyTestApplication -Starting AnlyTestApplication on DESKTOP-ANC07SR with PID 6336 (started by 24501 in F:\my\shiro-demo)
2021-04-14 18:24:54.710 [main] INFO  AnlyTestApplication -No active profile set, falling back to default profiles: default
2021-04-14 18:24:55.746 [main] INFO  c.alibaba.druid.pool.DruidDataSource -{dataSource-1} inited
2021-04-14 18:24:57.138 [main] INFO  AnlyTestApplication -Started AnlyTestApplication in 2.8 seconds (JVM running for 3.671)
2021-04-14 18:24:57.457 [Thread-4] INFO  c.alibaba.druid.pool.DruidDataSource -{dataSource-1} closed
